Build started 6/22/2015 2:15:08 PM.
     1>Project "C:\ShokuninSrc\2013\source-sdk-2013\sp\src\game\server\server_hl2.vcxproj" on node 4 (build target(s)).
     1>InitializeBuildStatus:
         Creating ".\Debug_mod_hl2\Server (HL2).unsuccessfulbuild" because "AlwaysCreate" was specified.
       PreBuildEvent:
         if EXIST ..\..\..\game\mod_hl2\bin\.\server.dll for /f "delims=" %%A in ('attrib "..\..\..\game\mod_hl2\bin\.\server.dll"') do set valveTmpIsReadOnly="%%A"
         set valveTmpIsReadOnlyLetter=%valveTmpIsReadOnly:~6,1%
         if "%valveTmpIsReadOnlyLetter%"=="R" del /q "C:\ShokuninSrc\2013\source-sdk-2013\sp\src\game\server\Debug_mod_hl2\"server.dll
         if exist "..\..\devtools\bin\vpc.exe" "..\..\devtools\bin\vpc.exe" -crc2 "server_hl2.vcxproj"
         if ERRORLEVEL 1 exit /b 1
         
         :VCEnd
       CustomBuild:
         Compiling pointeroverride.asm
          Assembling: C:\ShokuninSrc\2013\source-sdk-2013\sp\src\public\tier0\pointeroverride.asm
         Microsoft (R) Macro Assembler Version 10.00.40219.01
         Copyright (C) Microsoft Corporation.  All rights reserved.
         
         Running VPC CRC Check - server_hl2.vpc
       ClCompile:
         c:\Program Files (x86)\Microsoft Visual Studio 10.0\VC\bin\CL.exe /c /I..\..\common /I..\..\public /I..\..\public\tier0 /I..\..\public\tier1 /I..\..\game\server\generated_proto_mod_hl2 /I"..\..\thirdparty\protobuf-2.3.0\src" /I.\ /I..\..\game\shared /I..\..\utils\common /I..\..\game\shared\econ /I..\..\game\server\NextBot /I..\..\game\shared\hl2 /I.\hl2 /ZI /nologo /W4 /WX /MP /Od /Oy- /D VPC /D RAD_TELEMETRY_DISABLED /D _HAS_ITERATOR_DEBUGGING=0 /D WIN32 /D _WIN32 /D _DEBUG /D DEBUG /D _WINDOWS /D _USRDLL /D _CRT_SECURE_NO_DEPRECATE /D _CRT_NONSTDC_NO_DEPRECATE /D _ALLOW_RUNTIME_LIBRARY_MISMATCH /D _ALLOW_ITERATOR_DEBUG_LEVEL_MISMATCH /D _ALLOW_MSC_VER_MISMATCH /D _WINDLL /D _MBCS /D COMPILER_MSVC32 /D COMPILER_MSVC32 /D COMPILER_MSVC /D _DLL_EXT=.dll /D DLLNAME=server /D BINK_VIDEO /D AVI_VIDEO /D WMV_VIDEO /D DEV_BUILD /D FRAME_POINTER_OMISSION_DISABLED /D GAME_DLL /D VECTOR /D VERSION_SAFE_STEAM_API_INTERFACES /D PROTECTED_THINGS_ENABLE /D sprintf=use_Q_snprintf_instead_of_sprintf /D strncpy=use_Q_strncpy_instead /D _snprintf=use_Q_snprintf_instead /D fopen=dont_use_fopen /D HL2_DLL /D USES_SAVERESTORE /D _EXTERNAL_DLL_EXT=.dll /D VPCGAMECAPS=VALVE /D "PROJECTDIR=C:\ShokuninSrc\2013\source-sdk-2013\sp\src\game\server" /D _DLL_EXT=.dll /D VPCGAME=valve /D SOURCE1=1 /GF /Gm- /MTd /GS /arch:SSE /fp:fast /Zc:wchar_t /Zc:forScope /GR /Yc"cbase.h" /Fp".\Debug_mod_hl2\server.pch" /Fo".\Debug_mod_hl2\/" /Fd".\Debug_mod_hl2\/vc100.pdb" /Gd /TP /wd4316 /analyze- /FC /errorReport:prompt stdafx.cpp /Zm200 /Gw
     1>cl : Command line warning D9002: ignoring unknown option '/Gw'
         stdafx.cpp
         c:\Program Files (x86)\Microsoft Visual Studio 10.0\VC\bin\CL.exe /c /I..\..\common /I..\..\public /I..\..\public\tier0 /I..\..\public\tier1 /I..\..\game\server\generated_proto_mod_hl2 /I"..\..\thirdparty\protobuf-2.3.0\src" /I.\ /I..\..\game\shared /I..\..\utils\common /I..\..\game\shared\econ /I..\..\game\server\NextBot /I..\..\game\shared\hl2 /I.\hl2 /ZI /nologo /W4 /WX /MP /Od /Oy- /D VPC /D RAD_TELEMETRY_DISABLED /D _HAS_ITERATOR_DEBUGGING=0 /D WIN32 /D _WIN32 /D _DEBUG /D DEBUG /D _WINDOWS /D _USRDLL /D _CRT_SECURE_NO_DEPRECATE /D _CRT_NONSTDC_NO_DEPRECATE /D _ALLOW_RUNTIME_LIBRARY_MISMATCH /D _ALLOW_ITERATOR_DEBUG_LEVEL_MISMATCH /D _ALLOW_MSC_VER_MISMATCH /D _WINDLL /D _MBCS /D COMPILER_MSVC32 /D COMPILER_MSVC32 /D COMPILER_MSVC /D _DLL_EXT=.dll /D DLLNAME=server /D BINK_VIDEO /D AVI_VIDEO /D WMV_VIDEO /D DEV_BUILD /D FRAME_POINTER_OMISSION_DISABLED /D GAME_DLL /D VECTOR /D VERSION_SAFE_STEAM_API_INTERFACES /D PROTECTED_THINGS_ENABLE /D sprintf=use_Q_snprintf_instead_of_sprintf /D strncpy=use_Q_strncpy_instead /D _snprintf=use_Q_snprintf_instead /D fopen=dont_use_fopen /D HL2_DLL /D USES_SAVERESTORE /D _EXTERNAL_DLL_EXT=.dll /D VPCGAMECAPS=VALVE /D "PROJECTDIR=C:\ShokuninSrc\2013\source-sdk-2013\sp\src\game\server" /D _DLL_EXT=.dll /D VPCGAME=valve /D SOURCE1=1 /GF /Gm- /MTd /GS /arch:SSE /fp:fast /Zc:wchar_t /Zc:forScope /GR /Yu"cbase.h" /Fp".\Debug_mod_hl2\server.pch" /Fo".\Debug_mod_hl2\/" /Fd".\Debug_mod_hl2\/vc100.pdb" /Gd /TP /wd4316 /analyze- /FC /errorReport:prompt gamedll_replay.cpp ..\..\game\shared\achievement_saverestore.cpp ..\..\game\shared\achievementmgr.cpp ..\..\game\shared\achievements_hlx.cpp ..\..\game\shared\activitylist.cpp ai_activity.cpp ai_baseactor.cpp ai_basehumanoid.cpp ai_basenpc.cpp ai_basenpc_flyer.cpp ai_basenpc_flyer_new.cpp ai_basenpc_movement.cpp ai_basenpc_physicsflyer.cpp ai_basenpc_schedule.cpp ai_basenpc_squad.cpp ai_behavior.cpp ai_behavior_assault.cpp ai_behavior_fear.cpp ai_behavior_follow.cpp ai_behavior_lead.cpp ai_behavior_rappel.cpp ai_behavior_standoff.cpp ai_blended_movement.cpp ai_concommands.cpp ai_condition.cpp AI_Criteria.cpp ai_default.cpp ai_dynamiclink.cpp ai_event.cpp ai_eventresponse.cpp ai_goalentity.cpp ai_hint.cpp ai_hull.cpp ai_initutils.cpp AI_Interest_Target.cpp ai_link.cpp ai_localnavigator.cpp ai_looktarget.cpp ai_memory.cpp ai_motor.cpp ai_moveprobe.cpp ai_moveshoot.cpp ai_movesolver.cpp ai_namespaces.cpp ai_navigator.cpp ai_network.cpp ai_networkmanager.cpp ai_node.cpp ai_pathfinder.cpp ai_planesolver.cpp ai_playerally.cpp ai_relationship.cpp AI_ResponseSystem.cpp ai_route.cpp ai_saverestore.cpp ai_schedule.cpp ai_scriptconditions.cpp ai_senses.cpp ai_sentence.cpp ai_speech.cpp ai_speechfilter.cpp ai_squad.cpp ai_squadslot.cpp ai_tacticalservices.cpp ai_task.cpp ai_trackpather.cpp ai_utils.cpp ai_waypoint.cpp ..\..\game\shared\ammodef.cpp ..\..\game\shared\animation.cpp base_gameinterface.cpp ..\..\game\shared\base_playeranimstate.cpp base_transmit_proxy.cpp ..\..\game\shared\baseachievement.cpp baseanimating.cpp BaseAnimatingOverlay.cpp basecombatcharacter.cpp ..\..\game\shared\basecombatcharacter_shared.cpp basecombatweapon.cpp ..\..\game\shared\basecombatweapon_shared.cpp baseentity.cpp ..\..\game\shared\baseentity_shared.cpp baseflex.cpp basegrenade_concussion.cpp basegrenade_contact.cpp ..\..\game\shared\basegrenade_shared.cpp basegrenade_timed.cpp basemultiplayerplayer.cpp ..\..\game\shared\baseparticleentity.cpp ..\..\game\shared\baseplayer_shared.cpp ..\..\game\shared\baseprojectile.cpp baseviewmodel.cpp ..\..\game\shared\baseviewmodel_shared.cpp ..\..\game\shared\beam_shared.cpp bitstring.cpp bmodels.cpp buttons.cpp cbase.cpp client.cpp ..\..\game\shared\collisionproperty.cpp colorcorrection.cpp colorcorrectionvolume.cpp CommentarySystem.cpp controlentities.cpp cplane.cpp CRagdollMagnet.cpp damagemodifier.cpp ..\..\game\shared\death_pose.cpp ..\..\game\shared\debugoverlay_shared.cpp ..\..\game\shared\decals.cpp doors.cpp dynamiclight.cpp ..\..\game\shared\effect_dispatch_data.cpp effects.cpp EffectsServer.cpp ..\..\game\shared\ehandle.cpp entityblocker.cpp EntityDissolve.cpp EntityFlame.cpp entitylist.cpp ..\..\game\shared\entitylist_base.cpp EntityParticleTrail.cpp ..\..\game\shared\EntityParticleTrail_Shared.cpp env_debughistory.cpp ..\..\game\shared\env_detail_controller.cpp env_effectsscript.cpp env_entity_maker.cpp env_particlescript.cpp env_player_surface_trigger.cpp env_projectedtexture.cpp env_screenoverlay.cpp env_texturetoggle.cpp env_tonemap_controller.cpp ..\..\game\shared\env_wind_shared.cpp env_zoom.cpp EnvBeam.cpp EnvFade.cpp EnvHudHint.cpp EnvLaser.cpp EnvMessage.cpp envmicrophone.cpp EnvShake.cpp EnvSpark.cpp ..\..\game\shared\eventlist.cpp EventLog.cpp explode.cpp filters.cpp fire.cpp fire_smoke.cpp fish.cpp fogcontroller.cpp fourwheelvehiclephysics.cpp func_areaportal.cpp func_areaportalbase.cpp func_areaportalwindow.cpp func_break.cpp func_breakablesurf.cpp func_dust.cpp ..\..\game\shared\func_ladder.cpp func_ladder_endpoint.cpp func_lod.cpp hl2\Func_Monitor.cpp func_movelinear.cpp func_occluder.cpp func_reflective_glass.cpp func_smokevolume.cpp game.cpp game_ui.cpp gameinterface.cpp ..\..\game\shared\gamemovement.cpp ..\..\game\shared\gamerules.cpp ..\..\game\shared\gamerules_register.cpp ..\..\game\shared\GameStats.cpp ..\..\game\shared\gamestringpool.cpp gametrace_dll.cpp ..\..\game\shared\gamevars_shared.cpp gameweaponmanager.cpp genericactor.cpp genericmonster.cpp gib.cpp globals.cpp globalstate.cpp grenadethrown.cpp guntarget.cpp h_ai.cpp h_cycler.cpp ..\..\public\haptics\haptic_msgs.cpp ..\..\public\haptics\haptic_utils.cpp hierarchy.cpp ..\..\game\shared\hintmessage.cpp ..\..\game\shared\hintsystem.cpp hltvdirector.cpp ..\..\game\shared\igamesystem.cpp info_camera_link.cpp info_overlay_accessor.cpp intermission.cpp item_world.cpp lightglow.cpp lights.cpp logic_achievement.cpp logic_measure_movement.cpp logic_navigation.cpp logicauto.cpp logicentities.cpp logicrelay.cpp mapentities.cpp ..\..\game\shared\mapentities_shared.cpp maprules.cpp MaterialModifyControl.cpp message_entity.cpp modelentities.cpp ..\..\game\shared\ModelSoundsCache.cpp monstermaker.cpp movehelper_server.cpp movement.cpp ..\..\game\shared\movevars_shared.cpp ..\..\game\shared\mp_shareddefs.cpp ..\..\game\shared\multiplay_gamerules.cpp ndebugoverlay.cpp npc_vehicledriver.cpp ..\..\game\shared\obstacle_pushaway.cpp particle_light.cpp ..\..\game\shared\particle_parse.cpp particle_system.cpp ..\..\game\shared\particlesystemquery.cpp pathcorner.cpp pathtrack.cpp phys_controller.cpp physconstraint.cpp physics.cpp physics_bone_follower.cpp physics_cannister.cpp physics_fx.cpp physics_impact_damage.cpp physics_main.cpp ..\..\game\shared\physics_main_shared.cpp physics_npc_solver.cpp physics_prop_ragdoll.cpp ..\..\game\shared\physics_saverestore.cpp ..\..\game\shared\physics_shared.cpp physobj.cpp player.cpp player_command.cpp player_lagcompensation.cpp player_pickup.cpp player_resource.cpp playerinfomanager.cpp playerlocaldata.cpp plugin_check.cpp ..\..\game\shared\point_bonusmaps_accessor.cpp point_camera.cpp point_devshot_camera.cpp point_playermoveconstraint.cpp ..\..\game\shared\point_posecontroller.cpp point_spotlight.cpp point_template.cpp pointanglesensor.cpp PointAngularVelocitySensor.cpp pointhurt.cpp pointteleport.cpp ..\..\game\shared\precache_register.cpp ..\..\game\shared\predictableid.cpp props.cpp ..\..\game\shared\props_shared.cpp ..\..\game\shared\querycache.cpp ragdoll_manager.cpp ..\..\game\shared\ragdoll_shared.cpp RagdollBoogie.cpp recipientfilter.cpp rope.cpp ..\..\game\shared\rope_helpers.cpp ..\..\game\shared\saverestore.cpp saverestore_gamedll.cpp ..\..\game\shared\SceneCache.cpp sceneentity.cpp ..\..\game\shared\sceneentity_shared.cpp scratchpad_gamedll_helpers.cpp scripted.cpp scriptedtarget.cpp sendproxy.cpp ..\..\game\shared\sequence_Transitioner.cpp ..\..\game\server\serverbenchmark_base.cpp ServerNetworkProperty.cpp shadowcontrol.cpp ..\..\game\shared\simtimer.cpp ..\..\game\shared\singleplay_gamerules.cpp SkyCamera.cpp slideshow_display.cpp sound.cpp ..\..\game\shared\SoundEmitterSystem.cpp soundent.cpp ..\..\game\shared\soundenvelope.cpp ..\..\public\SoundParametersInternal.cpp soundscape.cpp soundscape_system.cpp spotlightend.cpp ..\..\game\shared\Sprite.cpp sprite_perfmonitor.cpp ..\..\game\shared\studio_shared.cpp subs.cpp sun.cpp ..\..\game\shared\hl2\survival_gamerules.cpp tactical_mission.cpp ..\..\game\shared\takedamageinfo.cpp tanktrain.cpp team.cpp team_spawnpoint.cpp ..\..\game\shared\teamplay_gamerules.cpp TemplateEntities.cpp tempmonster.cpp tesla.cpp ..\..\game\shared\test_ehandle.cpp test_proxytoggle.cpp test_stressentities.cpp testfunctions.cpp testtraceline.cpp textstatsmgr.cpp timedeventmgr.cpp trains.cpp triggers.cpp ..\..\game\shared\usercmd.cpp util.cpp ..\..\game\shared\util_shared.cpp variant_t.cpp vehicle_base.cpp vehicle_baseserver.cpp vehicle_choreo_generic.cpp ..\..\game\shared\vehicle_viewblend_shared.cpp vguiscreen.cpp ..\..\game\shared\voice_gamemgr.cpp ..\..\game\server\vote_controller.cpp waterbullet.cpp WaterLODControl.cpp wcedit.cpp ..\..\game\shared\weapon_parse.cpp ..\..\game\shared\weapon_parse_default.cpp ..\..\game\shared\weapon_proficiency.cpp weight_button.cpp world.cpp ..\..\game\shared\hl2\achievements_hl2.cpp hl2\ai_allymanager.cpp hl2\ai_behavior_actbusy.cpp hl2\ai_behavior_functank.cpp hl2\ai_behavior_holster.cpp hl2\ai_behavior_operator.cpp hl2\ai_behavior_police.cpp hl2\ai_goal_police.cpp hl2\ai_spotlight.cpp hl2\antlion_dust.cpp hl2\antlion_maker.cpp hl2\ar2_explosion.cpp basebludgeonweapon.cpp hl2\basehlcombatweapon.cpp ..\..\game\shared\hl2\basehlcombatweapon_shared.cpp hl2\cbasehelicopter.cpp hl2\cbasespriteprojectile.cpp hl2\citadel_effects.cpp hl2\combine_mine.cpp hl2\env_alyxemp.cpp hl2\env_headcrabcanister.cpp ..\..\game\shared\hl2\env_headcrabcanister_shared.cpp hl2\env_speaker.cpp hl2\env_starfield.cpp hl2\func_recharge.cpp hl2\func_tank.cpp hl2\grenade_ar2.cpp hl2\grenade_bugbait.cpp hl2\grenade_frag.cpp hl2\hl2_ai_network.cpp hl2\hl2_client.cpp hl2\hl2_eventlog.cpp ..\..\game\shared\hl2\hl2_gamerules.cpp hl2\hl2_gamestats.cpp hl2\hl2_player.cpp hl2\hl2_playerlocaldata.cpp hl2\hl2_triggers.cpp ..\..\game\shared\hl2\hl2_usermessages.cpp ..\..\game\shared\hl2\hl_gamemovement.cpp hl2\hl_playermove.cpp hl2\info_darknessmode_lightsource.cpp hl2\info_teleporter_countdown.cpp hl2\item_ammo.cpp hl2\item_battery.cpp hl2\item_dynamic_resupply.cpp hl2\item_healthkit.cpp hl2\item_itemcrate.cpp hl2\item_suit.cpp hl2\look_door.cpp hl2\monster_dummy.cpp hl2\npc_alyx.cpp hl2\npc_antlion.cpp hl2\npc_antlionguard.cpp hl2\npc_apcdriver.cpp hl2\npc_attackchopper.cpp hl2\npc_barnacle.cpp hl2\npc_barney.cpp hl2\npc_basescanner.cpp hl2\npc_BaseZombie.cpp hl2\npc_blob.cpp hl2\npc_breen.cpp hl2\npc_bullseye.cpp hl2\npc_citizen17.cpp hl2\npc_combine.cpp hl2\npc_combinecamera.cpp hl2\npc_combinedropship.cpp hl2\npc_combinegunship.cpp hl2\npc_combines.cpp hl2\npc_cranedriver.cpp hl2\npc_crow.cpp hl2\npc_dog.cpp hl2\npc_eli.cpp hl2\npc_enemyfinder.cpp hl2\npc_fastzombie.cpp hl2\npc_fisherman.cpp hl2\npc_gman.cpp hl2\npc_headcrab.cpp hl2\npc_ichthyosaur.cpp hl2\npc_kleiner.cpp hl2\npc_launcher.cpp hl2\npc_manhack.cpp hl2\npc_metropolice.cpp hl2\npc_monk.cpp hl2\npc_mossman.cpp hl2\npc_playercompanion.cpp hl2\npc_PoisonZombie.cpp hl2\npc_rollermine.cpp hl2\npc_scanner.cpp hl2\npc_stalker.cpp hl2\npc_strider.cpp npc_talker.cpp hl2\npc_turret_ceiling.cpp hl2\npc_turret_floor.cpp hl2\npc_turret_ground.cpp hl2\npc_vortigaunt_episodic.cpp hl2\npc_zombie.cpp hl2\point_apc_controller.cpp hl2\prop_combine_ball.cpp hl2\prop_thumper.cpp hl2\proto_sniper.cpp hl2\rotorwash.cpp hl2\script_intro.cpp ..\..\game\shared\script_intro_shared.cpp hl2\vehicle_airboat.cpp hl2\vehicle_cannon.cpp hl2\vehicle_crane.cpp hl2\vehicle_jeep.cpp hl2\vehicle_prisoner_pod.cpp hl2\vehicle_viewcontroller.cpp hl2\weapon_357.cpp hl2\weapon_alyxgun.cpp hl2\weapon_annabelle.cpp hl2\weapon_ar2.cpp hl2\weapon_bugbait.cpp hl2\weapon_citizenpackage.cpp hl2\weapon_crossbow.cpp hl2\weapon_crowbar.cpp weapon_cubemap.cpp hl2\weapon_frag.cpp hl2\weapon_physcannon.cpp hl2\weapon_pistol.cpp hl2\weapon_rpg.cpp hl2\weapon_shotgun.cpp hl2\weapon_smg1.cpp hl2\weapon_stunstick.cpp hl2\grenade_beam.cpp hl2\grenade_homer.cpp hl2\grenade_pathfollower.cpp hl2\npc_missiledefense.cpp hl2\vehicle_apc.cpp hl2\weapon_cguard.cpp hl2\weapon_flaregun.cpp basetempentity.cpp event_tempentity_tester.cpp movie_explosion.cpp particle_fire.cpp particle_smokegrenade.cpp plasma.cpp smoke_trail.cpp smokestack.cpp ..\..\game\shared\SpriteTrail.cpp steamjet.cpp te.cpp te_armorricochet.cpp te_basebeam.cpp te_beamentpoint.cpp te_beaments.cpp te_beamfollow.cpp te_beamlaser.cpp te_beampoints.cpp te_beamring.cpp te_beamringpoint.cpp te_beamspline.cpp te_bloodsprite.cpp te_bloodstream.cpp te_breakmodel.cpp te_bspdecal.cpp te_bubbles.cpp te_bubbletrail.cpp te_clientprojectile.cpp te_decal.cpp te_dynamiclight.cpp te_effect_dispatch.cpp te_energysplash.cpp te_explosion.cpp te_fizz.cpp te_footprintdecal.cpp hl2\te_gaussexplosion.cpp te_glassshatter.cpp te_glowsprite.cpp te_impact.cpp te_killplayerattachments.cpp te_largefunnel.cpp te_muzzleflash.cpp te_particlesystem.cpp te_physicsprop.cpp te_playerdecal.cpp te_projecteddecal.cpp te_showline.cpp te_smoke.cpp te_sparks.cpp te_sprite.cpp te_spritespray.cpp te_worlddecal.cpp ..\..\game\shared\usermessages.cpp entity_tools_server.cpp toolframework_server.cpp /Zm200 /Gw
     1>cl : Command line warning D9002: ignoring unknown option '/Gw'
     1>cl : Command line warning D9002: ignoring unknown option '/Gw'
     1>cl : Command line warning D9002: ignoring unknown option '/Gw'
         gamedll_replay.cpp
     1>cl : Command line warning D9002: ignoring unknown option '/Gw'
     1>cl : Command line warning D9002: ignoring unknown option '/Gw'
     1>cl : Command line warning D9002: ignoring unknown option '/Gw'
         achievement_saverestore.cpp
     1>cl : Command line warning D9002: ignoring unknown option '/Gw'
     1>cl : Command line warning D9002: ignoring unknown option '/Gw'
         achievementmgr.cpp
         achievements_hlx.cpp
         activitylist.cpp
         ai_activity.cpp
     1>cl : Command line warning D9002: ignoring unknown option '/Gw'
         ai_baseactor.cpp
         ai_basehumanoid.cpp
         ai_basenpc.cpp
         ai_basenpc_flyer.cpp
         ai_basenpc_flyer_new.cpp
         ai_basenpc_movement.cpp
         ai_basenpc_physicsflyer.cpp
         ai_basenpc_schedule.cpp
         ai_basenpc_squad.cpp
         ai_behavior.cpp
         ai_behavior_assault.cpp
         ai_behavior_fear.cpp
         ai_behavior_follow.cpp
         ai_behavior_lead.cpp
         ai_behavior_rappel.cpp
         ai_behavior_standoff.cpp
         ai_blended_movement.cpp
         ai_concommands.cpp
         ai_condition.cpp
         AI_Criteria.cpp
         ai_default.cpp
         ai_dynamiclink.cpp
         ai_event.cpp
         ai_eventresponse.cpp
         ai_goalentity.cpp
         ai_hint.cpp
         ai_hull.cpp
         ai_initutils.cpp
         AI_Interest_Target.cpp
         ai_link.cpp
         ai_localnavigator.cpp
         ai_looktarget.cpp
         ai_memory.cpp
         ai_motor.cpp
         ai_moveprobe.cpp
         ai_moveshoot.cpp
         ai_movesolver.cpp
         ai_namespaces.cpp
         ai_navigator.cpp
         ai_network.cpp
         ai_networkmanager.cpp
         ai_node.cpp
         ai_pathfinder.cpp
         ai_planesolver.cpp
         ai_playerally.cpp
         ai_relationship.cpp
         AI_ResponseSystem.cpp
         ai_route.cpp
         ai_saverestore.cpp
         ai_schedule.cpp
         ai_scriptconditions.cpp
         ai_senses.cpp
         ai_sentence.cpp
         ai_speech.cpp
         ai_speechfilter.cpp
         ai_squad.cpp
         ai_squadslot.cpp
         ai_tacticalservices.cpp
         ai_task.cpp
         ai_trackpather.cpp
         ai_utils.cpp
         ai_waypoint.cpp
         ammodef.cpp
         animation.cpp
         base_gameinterface.cpp
         base_playeranimstate.cpp
         base_transmit_proxy.cpp
         baseachievement.cpp
         baseanimating.cpp
         BaseAnimatingOverlay.cpp
         basecombatcharacter.cpp
         basecombatcharacter_shared.cpp
         basecombatweapon.cpp
         basecombatweapon_shared.cpp
         baseentity.cpp
         baseentity_shared.cpp
         baseflex.cpp
         basegrenade_concussion.cpp
         basegrenade_contact.cpp
         basegrenade_shared.cpp
         basegrenade_timed.cpp
         basemultiplayerplayer.cpp
         baseparticleentity.cpp
         baseplayer_shared.cpp
         baseprojectile.cpp
         baseviewmodel.cpp
         baseviewmodel_shared.cpp
         beam_shared.cpp
         bitstring.cpp
         bmodels.cpp
         buttons.cpp
         cbase.cpp
         client.cpp
         collisionproperty.cpp
         colorcorrection.cpp
         colorcorrectionvolume.cpp
         CommentarySystem.cpp
         controlentities.cpp
         cplane.cpp
         CRagdollMagnet.cpp
         damagemodifier.cpp
         death_pose.cpp
         debugoverlay_shared.cpp
         decals.cpp
         doors.cpp
         dynamiclight.cpp
         effect_dispatch_data.cpp
         effects.cpp
         EffectsServer.cpp
         ehandle.cpp
         entityblocker.cpp
         EntityDissolve.cpp
         EntityFlame.cpp
         entitylist.cpp
         entitylist_base.cpp
         EntityParticleTrail.cpp
         EntityParticleTrail_Shared.cpp
         env_debughistory.cpp
         env_detail_controller.cpp
         env_effectsscript.cpp
         env_entity_maker.cpp
         env_particlescript.cpp
         env_player_surface_trigger.cpp
         env_projectedtexture.cpp
         env_screenoverlay.cpp
         env_texturetoggle.cpp
         env_tonemap_controller.cpp
         env_wind_shared.cpp
         env_zoom.cpp
         EnvBeam.cpp
         EnvFade.cpp
         EnvHudHint.cpp
         EnvLaser.cpp
         EnvMessage.cpp
         envmicrophone.cpp
         EnvShake.cpp
         EnvSpark.cpp
         eventlist.cpp
         EventLog.cpp
         explode.cpp
         filters.cpp
         fire.cpp
         fire_smoke.cpp
         fish.cpp
         fogcontroller.cpp
         fourwheelvehiclephysics.cpp
         func_areaportal.cpp
         func_areaportalbase.cpp
         func_areaportalwindow.cpp
         func_break.cpp
         func_breakablesurf.cpp
         func_dust.cpp
         func_ladder.cpp
         func_ladder_endpoint.cpp
         func_lod.cpp
         Func_Monitor.cpp
         func_movelinear.cpp
         func_occluder.cpp
         func_reflective_glass.cpp
         func_smokevolume.cpp
         game.cpp
         game_ui.cpp
         gameinterface.cpp
         gamemovement.cpp
         gamerules.cpp
         gamerules_register.cpp
         GameStats.cpp
         gamestringpool.cpp
         gametrace_dll.cpp
         gamevars_shared.cpp
         gameweaponmanager.cpp
         genericactor.cpp
         genericmonster.cpp
         gib.cpp
         globals.cpp
         globalstate.cpp
         grenadethrown.cpp
         guntarget.cpp
         h_ai.cpp
         h_cycler.cpp
         haptic_msgs.cpp
         haptic_utils.cpp
         hierarchy.cpp
         hintmessage.cpp
         hintsystem.cpp
         hltvdirector.cpp
         igamesystem.cpp
         info_camera_link.cpp
         info_overlay_accessor.cpp
         intermission.cpp
         item_world.cpp
         lightglow.cpp
         lights.cpp
         logic_achievement.cpp
         logic_measure_movement.cpp
         logic_navigation.cpp
         logicauto.cpp
         logicentities.cpp
         logicrelay.cpp
         mapentities.cpp
         mapentities_shared.cpp
         maprules.cpp
         MaterialModifyControl.cpp
         message_entity.cpp
         modelentities.cpp
         ModelSoundsCache.cpp
         monstermaker.cpp
         movehelper_server.cpp
         movement.cpp
         movevars_shared.cpp
         mp_shareddefs.cpp
         multiplay_gamerules.cpp
         ndebugoverlay.cpp
         npc_vehicledriver.cpp
         obstacle_pushaway.cpp
         particle_light.cpp
         particle_parse.cpp
         particle_system.cpp
         particlesystemquery.cpp
         pathcorner.cpp
         pathtrack.cpp
         phys_controller.cpp
         physconstraint.cpp
         physics.cpp
         physics_bone_follower.cpp
         physics_cannister.cpp
         physics_fx.cpp
         physics_impact_damage.cpp
         physics_main.cpp
         physics_main_shared.cpp
         physics_npc_solver.cpp
         physics_prop_ragdoll.cpp
         physics_saverestore.cpp
         physics_shared.cpp
         physobj.cpp
         player.cpp
         player_command.cpp
         player_lagcompensation.cpp
         player_pickup.cpp
         player_resource.cpp
         playerinfomanager.cpp
         playerlocaldata.cpp
         plugin_check.cpp
         point_bonusmaps_accessor.cpp
         point_camera.cpp
         point_devshot_camera.cpp
         point_playermoveconstraint.cpp
         point_posecontroller.cpp
         point_spotlight.cpp
         point_template.cpp
         pointanglesensor.cpp
         PointAngularVelocitySensor.cpp
         pointhurt.cpp
         pointteleport.cpp
         precache_register.cpp
         predictableid.cpp
         props.cpp
         props_shared.cpp
         querycache.cpp
         ragdoll_manager.cpp
         ragdoll_shared.cpp
         RagdollBoogie.cpp
         recipientfilter.cpp
         rope.cpp
         rope_helpers.cpp
         saverestore.cpp
         saverestore_gamedll.cpp
         SceneCache.cpp
         sceneentity.cpp
         sceneentity_shared.cpp
         scratchpad_gamedll_helpers.cpp
         scripted.cpp
         scriptedtarget.cpp
         sendproxy.cpp
         sequence_Transitioner.cpp
         serverbenchmark_base.cpp
         ServerNetworkProperty.cpp
         shadowcontrol.cpp
         simtimer.cpp
         singleplay_gamerules.cpp
         SkyCamera.cpp
         slideshow_display.cpp
         sound.cpp
         SoundEmitterSystem.cpp
         soundent.cpp
         soundenvelope.cpp
         SoundParametersInternal.cpp
         soundscape.cpp
         soundscape_system.cpp
         spotlightend.cpp
         Sprite.cpp
         sprite_perfmonitor.cpp
         studio_shared.cpp
         subs.cpp
         sun.cpp
         survival_gamerules.cpp
         tactical_mission.cpp
         takedamageinfo.cpp
         tanktrain.cpp
         team.cpp
         team_spawnpoint.cpp
         teamplay_gamerules.cpp
         TemplateEntities.cpp
         tempmonster.cpp
         tesla.cpp
         test_ehandle.cpp
         test_proxytoggle.cpp
         test_stressentities.cpp
         testfunctions.cpp
         testtraceline.cpp
         textstatsmgr.cpp
         timedeventmgr.cpp
         trains.cpp
         triggers.cpp
         usercmd.cpp
         util.cpp
         util_shared.cpp
         variant_t.cpp
         vehicle_base.cpp
         vehicle_baseserver.cpp
         vehicle_choreo_generic.cpp
         vehicle_viewblend_shared.cpp
         vguiscreen.cpp
         voice_gamemgr.cpp
         vote_controller.cpp
         waterbullet.cpp
         WaterLODControl.cpp
         wcedit.cpp
         weapon_parse.cpp
         weapon_parse_default.cpp
         weapon_proficiency.cpp
         weight_button.cpp
         world.cpp
         achievements_hl2.cpp
         ai_allymanager.cpp
         ai_behavior_actbusy.cpp
         ai_behavior_functank.cpp
         ai_behavior_holster.cpp
         ai_behavior_operator.cpp
         ai_behavior_police.cpp
         ai_goal_police.cpp
         ai_spotlight.cpp
         antlion_dust.cpp
         antlion_maker.cpp
         ar2_explosion.cpp
         basebludgeonweapon.cpp
         basehlcombatweapon.cpp
         basehlcombatweapon_shared.cpp
         cbasehelicopter.cpp
         cbasespriteprojectile.cpp
         citadel_effects.cpp
         combine_mine.cpp
         env_alyxemp.cpp
         env_headcrabcanister.cpp
         env_headcrabcanister_shared.cpp
         env_speaker.cpp
         env_starfield.cpp
         func_recharge.cpp
         func_tank.cpp
         grenade_ar2.cpp
         grenade_bugbait.cpp
         grenade_frag.cpp
         hl2_ai_network.cpp
         hl2_client.cpp
         hl2_eventlog.cpp
         hl2_gamerules.cpp
         hl2_gamestats.cpp
         hl2_player.cpp
         hl2_playerlocaldata.cpp
         hl2_triggers.cpp
         hl2_usermessages.cpp
         hl_gamemovement.cpp
         hl_playermove.cpp
         info_darknessmode_lightsource.cpp
         info_teleporter_countdown.cpp
         item_ammo.cpp
         item_battery.cpp
         item_dynamic_resupply.cpp
         item_healthkit.cpp
         item_itemcrate.cpp
         item_suit.cpp
         look_door.cpp
         monster_dummy.cpp
         npc_alyx.cpp
         npc_antlion.cpp
         npc_antlionguard.cpp
         npc_apcdriver.cpp
         npc_attackchopper.cpp
         npc_barnacle.cpp
         npc_barney.cpp
         npc_basescanner.cpp
         npc_BaseZombie.cpp
         npc_blob.cpp
         npc_breen.cpp
         npc_bullseye.cpp
         npc_citizen17.cpp
         npc_combine.cpp
         npc_combinecamera.cpp
         npc_combinedropship.cpp
         npc_combinegunship.cpp
         npc_combines.cpp
         npc_cranedriver.cpp
         npc_crow.cpp
         npc_dog.cpp
         npc_eli.cpp
         npc_enemyfinder.cpp
         npc_fastzombie.cpp
         npc_fisherman.cpp
         npc_gman.cpp
         npc_headcrab.cpp
         npc_ichthyosaur.cpp
         npc_kleiner.cpp
         npc_launcher.cpp
         npc_manhack.cpp
         npc_metropolice.cpp
         npc_monk.cpp
         npc_mossman.cpp
         npc_playercompanion.cpp
         npc_PoisonZombie.cpp
         npc_rollermine.cpp
         npc_scanner.cpp
         npc_stalker.cpp
         npc_strider.cpp
         npc_talker.cpp
         npc_turret_ceiling.cpp
         npc_turret_floor.cpp
         npc_turret_ground.cpp
         npc_vortigaunt_episodic.cpp
         npc_zombie.cpp
         point_apc_controller.cpp
         prop_combine_ball.cpp
         prop_thumper.cpp
         proto_sniper.cpp
         rotorwash.cpp
         script_intro.cpp
         script_intro_shared.cpp
         vehicle_airboat.cpp
         vehicle_cannon.cpp
         vehicle_crane.cpp
         vehicle_jeep.cpp
         vehicle_prisoner_pod.cpp
         vehicle_viewcontroller.cpp
         weapon_357.cpp
         weapon_alyxgun.cpp
         weapon_annabelle.cpp
         weapon_ar2.cpp
         weapon_bugbait.cpp
         weapon_citizenpackage.cpp
         weapon_crossbow.cpp
         weapon_crowbar.cpp
         weapon_cubemap.cpp
         weapon_frag.cpp
         weapon_physcannon.cpp
         weapon_pistol.cpp
         weapon_rpg.cpp
         weapon_shotgun.cpp
         weapon_smg1.cpp
         weapon_stunstick.cpp
         grenade_beam.cpp
         grenade_homer.cpp
         grenade_pathfollower.cpp
         npc_missiledefense.cpp
         vehicle_apc.cpp
         weapon_cguard.cpp
         weapon_flaregun.cpp
         basetempentity.cpp
         event_tempentity_tester.cpp
         movie_explosion.cpp
         particle_fire.cpp
         particle_smokegrenade.cpp
         plasma.cpp
         smoke_trail.cpp
         smokestack.cpp
         SpriteTrail.cpp
         steamjet.cpp
         te.cpp
         te_armorricochet.cpp
         te_basebeam.cpp
         te_beamentpoint.cpp
         te_beaments.cpp
         te_beamfollow.cpp
         te_beamlaser.cpp
         te_beampoints.cpp
         te_beamring.cpp
         te_beamringpoint.cpp
         te_beamspline.cpp
         te_bloodsprite.cpp
         te_bloodstream.cpp
         te_breakmodel.cpp
         te_bspdecal.cpp
         te_bubbles.cpp
         te_bubbletrail.cpp
         te_clientprojectile.cpp
         te_decal.cpp
         te_dynamiclight.cpp
         te_effect_dispatch.cpp
         te_energysplash.cpp
         te_explosion.cpp
         te_fizz.cpp
         te_footprintdecal.cpp
         te_gaussexplosion.cpp
         te_glassshatter.cpp
         te_glowsprite.cpp
         te_impact.cpp
         te_killplayerattachments.cpp
         te_largefunnel.cpp
         te_muzzleflash.cpp
         te_particlesystem.cpp
         te_physicsprop.cpp
         te_playerdecal.cpp
         te_projecteddecal.cpp
         te_showline.cpp
         te_smoke.cpp
         te_sparks.cpp
         te_sprite.cpp
         te_spritespray.cpp
         te_worlddecal.cpp
         usermessages.cpp
         entity_tools_server.cpp
         toolframework_server.cpp
         c:\Program Files (x86)\Microsoft Visual Studio 10.0\VC\bin\CL.exe /c /I..\..\common /I..\..\public /I..\..\public\tier0 /I..\..\public\tier1 /I..\..\game\server\generated_proto_mod_hl2 /I"..\..\thirdparty\protobuf-2.3.0\src" /I.\ /I..\..\game\shared /I..\..\utils\common /I..\..\game\shared\econ /I..\..\game\server\NextBot /I..\..\game\shared\hl2 /I.\hl2 /ZI /nologo /W4 /WX /MP /Od /Oy- /D VPC /D RAD_TELEMETRY_DISABLED /D _HAS_ITERATOR_DEBUGGING=0 /D WIN32 /D _WIN32 /D _DEBUG /D DEBUG /D _WINDOWS /D _USRDLL /D _CRT_SECURE_NO_DEPRECATE /D _CRT_NONSTDC_NO_DEPRECATE /D _ALLOW_RUNTIME_LIBRARY_MISMATCH /D _ALLOW_ITERATOR_DEBUG_LEVEL_MISMATCH /D _ALLOW_MSC_VER_MISMATCH /D _WINDLL /D _MBCS /D COMPILER_MSVC32 /D COMPILER_MSVC32 /D COMPILER_MSVC /D _DLL_EXT=.dll /D DLLNAME=server /D BINK_VIDEO /D AVI_VIDEO /D WMV_VIDEO /D DEV_BUILD /D FRAME_POINTER_OMISSION_DISABLED /D GAME_DLL /D VECTOR /D VERSION_SAFE_STEAM_API_INTERFACES /D PROTECTED_THINGS_ENABLE /D sprintf=use_Q_snprintf_instead_of_sprintf /D strncpy=use_Q_strncpy_instead /D _snprintf=use_Q_snprintf_instead /D fopen=dont_use_fopen /D HL2_DLL /D USES_SAVERESTORE /D _EXTERNAL_DLL_EXT=.dll /D VPCGAMECAPS=VALVE /D "PROJECTDIR=C:\ShokuninSrc\2013\source-sdk-2013\sp\src\game\server" /D _DLL_EXT=.dll /D VPCGAME=valve /D SOURCE1=1 /GF /Gm- /MTd /GS /arch:SSE /fp:fast /Zc:wchar_t /Zc:forScope /GR /Fo".\Debug_mod_hl2\/" /Fd".\Debug_mod_hl2\/vc100.pdb" /Gd /TP /wd4316 /analyze- /FC /errorReport:prompt ..\..\public\bone_setup.cpp ..\..\public\collisionutils.cpp ..\..\public\dt_send.cpp ..\..\public\dt_utlvector_common.cpp ..\..\public\dt_utlvector_send.cpp ..\..\public\editor_sendcommand.cpp ..\..\public\filesystem_helpers.cpp gamehandle.cpp GameStats_BasicStatsFunctions.cpp h_export.cpp init_factory.cpp ..\..\public\interpolatortypes.cpp ..\..\game\shared\interval.cpp ..\..\public\keyframe\keyframe.cpp ..\..\common\language.cpp ..\..\public\map_utils.cpp ..\..\public\tier0\memoverride.cpp ..\..\public\networkvar.cpp ..\..\common\randoverride.cpp ..\..\public\registry.cpp ..\..\public\rope_physics.cpp ..\..\public\scratchpad3d.cpp ..\..\public\ScratchPadUtils.cpp ..\..\public\server_class.cpp ..\..\game\shared\sheetsimulator.cpp ..\..\public\simple_physics.cpp ..\..\public\stringregistry.cpp ..\..\public\studio.cpp /Zm200 /Gw
     1>cl : Command line warning D9002: ignoring unknown option '/Gw'
     1>cl : Command line warning D9002: ignoring unknown option '/Gw'
     1>cl : Command line warning D9002: ignoring unknown option '/Gw'
         bone_setup.cpp
     1>cl : Command line warning D9002: ignoring unknown option '/Gw'
         collisionutils.cpp
     1>cl : Command line warning D9002: ignoring unknown option '/Gw'
         dt_send.cpp
         dt_utlvector_common.cpp
     1>cl : Command line warning D9002: ignoring unknown option '/Gw'
         dt_utlvector_send.cpp
     1>cl : Command line warning D9002: ignoring unknown option '/Gw'
         editor_sendcommand.cpp
     1>cl : Command line warning D9002: ignoring unknown option '/Gw'
         filesystem_helpers.cpp
     1>cl : Command line warning D9002: ignoring unknown option '/Gw'
         gamehandle.cpp
         GameStats_BasicStatsFunctions.cpp
         h_export.cpp
         init_factory.cpp
         interpolatortypes.cpp
         interval.cpp
         keyframe.cpp
         language.cpp
         map_utils.cpp
         memoverride.cpp
         networkvar.cpp
         randoverride.cpp
         registry.cpp
         rope_physics.cpp
         scratchpad3d.cpp
         ScratchPadUtils.cpp
         server_class.cpp
         sheetsimulator.cpp
         simple_physics.cpp
         stringregistry.cpp
         studio.cpp
       Link:
         c:\Program Files (x86)\Microsoft Visual Studio 10.0\VC\bin\link.exe /ERRORREPORT:PROMPT /OUT:".\Debug_mod_hl2\\server.dll" /INCREMENTAL /NOLOGO /LIBPATH:..\..\lib\common\. /LIBPATH:..\..\lib\public\. shell32.lib user32.lib advapi32.lib gdi32.lib comdlg32.lib ole32.lib winmm.lib /NODEFAULTLIB:libc /NODEFAULTLIB:libcd /NODEFAULTLIB:libcmt /MANIFEST:NO /DEBUG /PDB:".\Debug_mod_hl2\/server.pdb" /SUBSYSTEM:WINDOWS /TLBID:1 /DYNAMICBASE:NO /NXCOMPAT /IMPLIB:".\Debug_mod_hl2\server.lib" /MACHINE:X86 /SAFESEH:NO /DLL .\Debug_mod_hl2\\pointeroverride.obj
         .\Debug_mod_hl2\/gamedll_replay.obj
         .\Debug_mod_hl2\/achievement_saverestore.obj
         .\Debug_mod_hl2\/achievementmgr.obj
         .\Debug_mod_hl2\/achievements_hlx.obj
         .\Debug_mod_hl2\/activitylist.obj
         .\Debug_mod_hl2\/ai_activity.obj
         .\Debug_mod_hl2\/ai_baseactor.obj
         .\Debug_mod_hl2\/ai_basehumanoid.obj
         .\Debug_mod_hl2\/ai_basenpc.obj
         .\Debug_mod_hl2\/ai_basenpc_flyer.obj
         .\Debug_mod_hl2\/ai_basenpc_flyer_new.obj
         .\Debug_mod_hl2\/ai_basenpc_movement.obj
         .\Debug_mod_hl2\/ai_basenpc_physicsflyer.obj
         .\Debug_mod_hl2\/ai_basenpc_schedule.obj
         .\Debug_mod_hl2\/ai_basenpc_squad.obj
         .\Debug_mod_hl2\/ai_behavior.obj
         .\Debug_mod_hl2\/ai_behavior_assault.obj
         .\Debug_mod_hl2\/ai_behavior_fear.obj
         .\Debug_mod_hl2\/ai_behavior_follow.obj
         .\Debug_mod_hl2\/ai_behavior_lead.obj
         .\Debug_mod_hl2\/ai_behavior_rappel.obj
         .\Debug_mod_hl2\/ai_behavior_standoff.obj
         .\Debug_mod_hl2\/ai_blended_movement.obj
         .\Debug_mod_hl2\/ai_concommands.obj
         .\Debug_mod_hl2\/ai_condition.obj
         .\Debug_mod_hl2\/AI_Criteria.obj
         .\Debug_mod_hl2\/ai_default.obj
         .\Debug_mod_hl2\/ai_dynamiclink.obj
         .\Debug_mod_hl2\/ai_event.obj
         .\Debug_mod_hl2\/ai_eventresponse.obj
         .\Debug_mod_hl2\/ai_goalentity.obj
         .\Debug_mod_hl2\/ai_hint.obj
         .\Debug_mod_hl2\/ai_hull.obj
         .\Debug_mod_hl2\/ai_initutils.obj
         .\Debug_mod_hl2\/AI_Interest_Target.obj
         .\Debug_mod_hl2\/ai_link.obj
         .\Debug_mod_hl2\/ai_localnavigator.obj
         .\Debug_mod_hl2\/ai_looktarget.obj
         .\Debug_mod_hl2\/ai_memory.obj
         .\Debug_mod_hl2\/ai_motor.obj
         .\Debug_mod_hl2\/ai_moveprobe.obj
         .\Debug_mod_hl2\/ai_moveshoot.obj
         .\Debug_mod_hl2\/ai_movesolver.obj
         .\Debug_mod_hl2\/ai_namespaces.obj
         .\Debug_mod_hl2\/ai_navigator.obj
         .\Debug_mod_hl2\/ai_network.obj
         .\Debug_mod_hl2\/ai_networkmanager.obj
         .\Debug_mod_hl2\/ai_node.obj
         .\Debug_mod_hl2\/ai_pathfinder.obj
         .\Debug_mod_hl2\/ai_planesolver.obj
         .\Debug_mod_hl2\/ai_playerally.obj
         .\Debug_mod_hl2\/ai_relationship.obj
         .\Debug_mod_hl2\/AI_ResponseSystem.obj
         .\Debug_mod_hl2\/ai_route.obj
         .\Debug_mod_hl2\/ai_saverestore.obj
         .\Debug_mod_hl2\/ai_schedule.obj
         .\Debug_mod_hl2\/ai_scriptconditions.obj
         .\Debug_mod_hl2\/ai_senses.obj
         .\Debug_mod_hl2\/ai_sentence.obj
         .\Debug_mod_hl2\/ai_speech.obj
         .\Debug_mod_hl2\/ai_speechfilter.obj
         .\Debug_mod_hl2\/ai_squad.obj
         .\Debug_mod_hl2\/ai_squadslot.obj
         .\Debug_mod_hl2\/ai_tacticalservices.obj
         .\Debug_mod_hl2\/ai_task.obj
         .\Debug_mod_hl2\/ai_trackpather.obj
         .\Debug_mod_hl2\/ai_utils.obj
         .\Debug_mod_hl2\/ai_waypoint.obj
         .\Debug_mod_hl2\/ammodef.obj
         .\Debug_mod_hl2\/animation.obj
         .\Debug_mod_hl2\/base_gameinterface.obj
         .\Debug_mod_hl2\/base_playeranimstate.obj
         .\Debug_mod_hl2\/base_transmit_proxy.obj
         .\Debug_mod_hl2\/baseachievement.obj
         .\Debug_mod_hl2\/baseanimating.obj
         .\Debug_mod_hl2\/BaseAnimatingOverlay.obj
         .\Debug_mod_hl2\/basecombatcharacter.obj
         .\Debug_mod_hl2\/basecombatcharacter_shared.obj
         .\Debug_mod_hl2\/basecombatweapon.obj
         .\Debug_mod_hl2\/basecombatweapon_shared.obj
         .\Debug_mod_hl2\/baseentity.obj
         .\Debug_mod_hl2\/baseentity_shared.obj
         .\Debug_mod_hl2\/baseflex.obj
         .\Debug_mod_hl2\/basegrenade_concussion.obj
         .\Debug_mod_hl2\/basegrenade_contact.obj
         .\Debug_mod_hl2\/basegrenade_shared.obj
         .\Debug_mod_hl2\/basegrenade_timed.obj
         .\Debug_mod_hl2\/basemultiplayerplayer.obj
         .\Debug_mod_hl2\/baseparticleentity.obj
         .\Debug_mod_hl2\/baseplayer_shared.obj
         .\Debug_mod_hl2\/baseprojectile.obj
         .\Debug_mod_hl2\/baseviewmodel.obj
         .\Debug_mod_hl2\/baseviewmodel_shared.obj
         .\Debug_mod_hl2\/beam_shared.obj
         .\Debug_mod_hl2\/bitstring.obj
         .\Debug_mod_hl2\/bmodels.obj
         .\Debug_mod_hl2\/bone_setup.obj
         .\Debug_mod_hl2\/buttons.obj
         .\Debug_mod_hl2\/cbase.obj
         .\Debug_mod_hl2\/client.obj
         .\Debug_mod_hl2\/collisionproperty.obj
         .\Debug_mod_hl2\/collisionutils.obj
         .\Debug_mod_hl2\/colorcorrection.obj
         .\Debug_mod_hl2\/colorcorrectionvolume.obj
         .\Debug_mod_hl2\/CommentarySystem.obj
         .\Debug_mod_hl2\/controlentities.obj
         .\Debug_mod_hl2\/cplane.obj
         .\Debug_mod_hl2\/CRagdollMagnet.obj
         .\Debug_mod_hl2\/damagemodifier.obj
         .\Debug_mod_hl2\/death_pose.obj
         .\Debug_mod_hl2\/debugoverlay_shared.obj
         .\Debug_mod_hl2\/decals.obj
         .\Debug_mod_hl2\/doors.obj
         .\Debug_mod_hl2\/dt_send.obj
         .\Debug_mod_hl2\/dt_utlvector_common.obj
         .\Debug_mod_hl2\/dt_utlvector_send.obj
         .\Debug_mod_hl2\/dynamiclight.obj
         .\Debug_mod_hl2\/editor_sendcommand.obj
         .\Debug_mod_hl2\/effect_dispatch_data.obj
         .\Debug_mod_hl2\/effects.obj
         .\Debug_mod_hl2\/EffectsServer.obj
         .\Debug_mod_hl2\/ehandle.obj
         .\Debug_mod_hl2\/entityblocker.obj
         .\Debug_mod_hl2\/EntityDissolve.obj
         .\Debug_mod_hl2\/EntityFlame.obj
         .\Debug_mod_hl2\/entitylist.obj
         .\Debug_mod_hl2\/entitylist_base.obj
         .\Debug_mod_hl2\/EntityParticleTrail.obj
         .\Debug_mod_hl2\/EntityParticleTrail_Shared.obj
         .\Debug_mod_hl2\/env_debughistory.obj
         .\Debug_mod_hl2\/env_detail_controller.obj
         .\Debug_mod_hl2\/env_effectsscript.obj
         .\Debug_mod_hl2\/env_entity_maker.obj
         .\Debug_mod_hl2\/env_particlescript.obj
         .\Debug_mod_hl2\/env_player_surface_trigger.obj
         .\Debug_mod_hl2\/env_projectedtexture.obj
         .\Debug_mod_hl2\/env_screenoverlay.obj
         .\Debug_mod_hl2\/env_texturetoggle.obj
         .\Debug_mod_hl2\/env_tonemap_controller.obj
         .\Debug_mod_hl2\/env_wind_shared.obj
         .\Debug_mod_hl2\/env_zoom.obj
         .\Debug_mod_hl2\/EnvBeam.obj
         .\Debug_mod_hl2\/EnvFade.obj
         .\Debug_mod_hl2\/EnvHudHint.obj
         .\Debug_mod_hl2\/EnvLaser.obj
         .\Debug_mod_hl2\/EnvMessage.obj
         .\Debug_mod_hl2\/envmicrophone.obj
         .\Debug_mod_hl2\/EnvShake.obj
         .\Debug_mod_hl2\/EnvSpark.obj
         .\Debug_mod_hl2\/eventlist.obj
         .\Debug_mod_hl2\/EventLog.obj
         .\Debug_mod_hl2\/explode.obj
         .\Debug_mod_hl2\/filesystem_helpers.obj
         .\Debug_mod_hl2\/filters.obj
         .\Debug_mod_hl2\/fire.obj
         .\Debug_mod_hl2\/fire_smoke.obj
         .\Debug_mod_hl2\/fish.obj
         .\Debug_mod_hl2\/fogcontroller.obj
         .\Debug_mod_hl2\/fourwheelvehiclephysics.obj
         .\Debug_mod_hl2\/func_areaportal.obj
         .\Debug_mod_hl2\/func_areaportalbase.obj
         .\Debug_mod_hl2\/func_areaportalwindow.obj
         .\Debug_mod_hl2\/func_break.obj
         .\Debug_mod_hl2\/func_breakablesurf.obj
         .\Debug_mod_hl2\/func_dust.obj
         .\Debug_mod_hl2\/func_ladder.obj
         .\Debug_mod_hl2\/func_ladder_endpoint.obj
         .\Debug_mod_hl2\/func_lod.obj
         .\Debug_mod_hl2\/Func_Monitor.obj
         .\Debug_mod_hl2\/func_movelinear.obj
         .\Debug_mod_hl2\/func_occluder.obj
         .\Debug_mod_hl2\/func_reflective_glass.obj
         .\Debug_mod_hl2\/func_smokevolume.obj
         .\Debug_mod_hl2\/game.obj
         .\Debug_mod_hl2\/game_ui.obj
         .\Debug_mod_hl2\/gamehandle.obj
         .\Debug_mod_hl2\/gameinterface.obj
         .\Debug_mod_hl2\/gamemovement.obj
         .\Debug_mod_hl2\/gamerules.obj
         .\Debug_mod_hl2\/gamerules_register.obj
         .\Debug_mod_hl2\/GameStats.obj
         .\Debug_mod_hl2\/GameStats_BasicStatsFunctions.obj
         .\Debug_mod_hl2\/gamestringpool.obj
         .\Debug_mod_hl2\/gametrace_dll.obj
         .\Debug_mod_hl2\/gamevars_shared.obj
         .\Debug_mod_hl2\/gameweaponmanager.obj
         .\Debug_mod_hl2\/genericactor.obj
         .\Debug_mod_hl2\/genericmonster.obj
         .\Debug_mod_hl2\/gib.obj
         .\Debug_mod_hl2\/globals.obj
         .\Debug_mod_hl2\/globalstate.obj
         .\Debug_mod_hl2\/grenadethrown.obj
         .\Debug_mod_hl2\/guntarget.obj
         .\Debug_mod_hl2\/h_ai.obj
         .\Debug_mod_hl2\/h_cycler.obj
         .\Debug_mod_hl2\/h_export.obj
         .\Debug_mod_hl2\/haptic_msgs.obj
         .\Debug_mod_hl2\/haptic_utils.obj
         .\Debug_mod_hl2\/hierarchy.obj
         .\Debug_mod_hl2\/hintmessage.obj
         .\Debug_mod_hl2\/hintsystem.obj
         .\Debug_mod_hl2\/hltvdirector.obj
         .\Debug_mod_hl2\/igamesystem.obj
         .\Debug_mod_hl2\/info_camera_link.obj
         .\Debug_mod_hl2\/info_overlay_accessor.obj
         .\Debug_mod_hl2\/init_factory.obj
         .\Debug_mod_hl2\/intermission.obj
         .\Debug_mod_hl2\/interpolatortypes.obj
         .\Debug_mod_hl2\/interval.obj
         .\Debug_mod_hl2\/item_world.obj
         .\Debug_mod_hl2\/keyframe.obj
         .\Debug_mod_hl2\/language.obj
         .\Debug_mod_hl2\/lightglow.obj
         .\Debug_mod_hl2\/lights.obj
         .\Debug_mod_hl2\/logic_achievement.obj
         .\Debug_mod_hl2\/logic_measure_movement.obj
         .\Debug_mod_hl2\/logic_navigation.obj
         .\Debug_mod_hl2\/logicauto.obj
         .\Debug_mod_hl2\/logicentities.obj
         .\Debug_mod_hl2\/logicrelay.obj
         .\Debug_mod_hl2\/map_utils.obj
         .\Debug_mod_hl2\/mapentities.obj
         .\Debug_mod_hl2\/mapentities_shared.obj
         .\Debug_mod_hl2\/maprules.obj
         .\Debug_mod_hl2\/MaterialModifyControl.obj
         .\Debug_mod_hl2\/memoverride.obj
         .\Debug_mod_hl2\/message_entity.obj
         .\Debug_mod_hl2\/modelentities.obj
         .\Debug_mod_hl2\/ModelSoundsCache.obj
         .\Debug_mod_hl2\/monstermaker.obj
         .\Debug_mod_hl2\/movehelper_server.obj
         .\Debug_mod_hl2\/movement.obj
         .\Debug_mod_hl2\/movevars_shared.obj
         .\Debug_mod_hl2\/mp_shareddefs.obj
         .\Debug_mod_hl2\/multiplay_gamerules.obj
         .\Debug_mod_hl2\/ndebugoverlay.obj
         .\Debug_mod_hl2\/networkvar.obj
         .\Debug_mod_hl2\/npc_vehicledriver.obj
         .\Debug_mod_hl2\/obstacle_pushaway.obj
         .\Debug_mod_hl2\/particle_light.obj
         .\Debug_mod_hl2\/particle_parse.obj
         .\Debug_mod_hl2\/particle_system.obj
         .\Debug_mod_hl2\/particlesystemquery.obj
         .\Debug_mod_hl2\/pathcorner.obj
         .\Debug_mod_hl2\/pathtrack.obj
         .\Debug_mod_hl2\/phys_controller.obj
         .\Debug_mod_hl2\/physconstraint.obj
         .\Debug_mod_hl2\/physics.obj
         .\Debug_mod_hl2\/physics_bone_follower.obj
         .\Debug_mod_hl2\/physics_cannister.obj
         .\Debug_mod_hl2\/physics_fx.obj
         .\Debug_mod_hl2\/physics_impact_damage.obj
         .\Debug_mod_hl2\/physics_main.obj
         .\Debug_mod_hl2\/physics_main_shared.obj
         .\Debug_mod_hl2\/physics_npc_solver.obj
         .\Debug_mod_hl2\/physics_prop_ragdoll.obj
         .\Debug_mod_hl2\/physics_saverestore.obj
         .\Debug_mod_hl2\/physics_shared.obj
         .\Debug_mod_hl2\/physobj.obj
         .\Debug_mod_hl2\/player.obj
         .\Debug_mod_hl2\/player_command.obj
         .\Debug_mod_hl2\/player_lagcompensation.obj
         .\Debug_mod_hl2\/player_pickup.obj
         .\Debug_mod_hl2\/player_resource.obj
         .\Debug_mod_hl2\/playerinfomanager.obj
         .\Debug_mod_hl2\/playerlocaldata.obj
         .\Debug_mod_hl2\/plugin_check.obj
         .\Debug_mod_hl2\/point_bonusmaps_accessor.obj
         .\Debug_mod_hl2\/point_camera.obj
         .\Debug_mod_hl2\/point_devshot_camera.obj
         .\Debug_mod_hl2\/point_playermoveconstraint.obj
         .\Debug_mod_hl2\/point_posecontroller.obj
         .\Debug_mod_hl2\/point_spotlight.obj
         .\Debug_mod_hl2\/point_template.obj
         .\Debug_mod_hl2\/pointanglesensor.obj
         .\Debug_mod_hl2\/PointAngularVelocitySensor.obj
         .\Debug_mod_hl2\/pointhurt.obj
         .\Debug_mod_hl2\/pointteleport.obj
         .\Debug_mod_hl2\/precache_register.obj
         .\Debug_mod_hl2\/predictableid.obj
         .\Debug_mod_hl2\/props.obj
         .\Debug_mod_hl2\/props_shared.obj
         .\Debug_mod_hl2\/querycache.obj
         .\Debug_mod_hl2\/ragdoll_manager.obj
         .\Debug_mod_hl2\/ragdoll_shared.obj
         .\Debug_mod_hl2\/RagdollBoogie.obj
         .\Debug_mod_hl2\/randoverride.obj
         .\Debug_mod_hl2\/recipientfilter.obj
         .\Debug_mod_hl2\/registry.obj
         .\Debug_mod_hl2\/rope.obj
         .\Debug_mod_hl2\/rope_helpers.obj
         .\Debug_mod_hl2\/rope_physics.obj
         .\Debug_mod_hl2\/saverestore.obj
         .\Debug_mod_hl2\/saverestore_gamedll.obj
         .\Debug_mod_hl2\/SceneCache.obj
         .\Debug_mod_hl2\/sceneentity.obj
         .\Debug_mod_hl2\/sceneentity_shared.obj
         .\Debug_mod_hl2\/scratchpad3d.obj
         .\Debug_mod_hl2\/scratchpad_gamedll_helpers.obj
         .\Debug_mod_hl2\/ScratchPadUtils.obj
         .\Debug_mod_hl2\/scripted.obj
         .\Debug_mod_hl2\/scriptedtarget.obj
         .\Debug_mod_hl2\/sendproxy.obj
         .\Debug_mod_hl2\/sequence_Transitioner.obj
         .\Debug_mod_hl2\/server_class.obj
         .\Debug_mod_hl2\/serverbenchmark_base.obj
         .\Debug_mod_hl2\/ServerNetworkProperty.obj
         .\Debug_mod_hl2\/shadowcontrol.obj
         .\Debug_mod_hl2\/sheetsimulator.obj
         .\Debug_mod_hl2\/simple_physics.obj
         .\Debug_mod_hl2\/simtimer.obj
         .\Debug_mod_hl2\/singleplay_gamerules.obj
         .\Debug_mod_hl2\/SkyCamera.obj
         .\Debug_mod_hl2\/slideshow_display.obj
         .\Debug_mod_hl2\/sound.obj
         .\Debug_mod_hl2\/SoundEmitterSystem.obj
         .\Debug_mod_hl2\/soundent.obj
         .\Debug_mod_hl2\/soundenvelope.obj
         .\Debug_mod_hl2\/SoundParametersInternal.obj
         .\Debug_mod_hl2\/soundscape.obj
         .\Debug_mod_hl2\/soundscape_system.obj
         .\Debug_mod_hl2\/spotlightend.obj
         .\Debug_mod_hl2\/Sprite.obj
         .\Debug_mod_hl2\/sprite_perfmonitor.obj
         .\Debug_mod_hl2\/stringregistry.obj
         .\Debug_mod_hl2\/studio.obj
         .\Debug_mod_hl2\/studio_shared.obj
         .\Debug_mod_hl2\/subs.obj
         .\Debug_mod_hl2\/sun.obj
         .\Debug_mod_hl2\/survival_gamerules.obj
         .\Debug_mod_hl2\/tactical_mission.obj
         .\Debug_mod_hl2\/takedamageinfo.obj
         .\Debug_mod_hl2\/tanktrain.obj
         .\Debug_mod_hl2\/team.obj
         .\Debug_mod_hl2\/team_spawnpoint.obj
         .\Debug_mod_hl2\/teamplay_gamerules.obj
         .\Debug_mod_hl2\/TemplateEntities.obj
         .\Debug_mod_hl2\/tempmonster.obj
         .\Debug_mod_hl2\/tesla.obj
         .\Debug_mod_hl2\/test_ehandle.obj
         .\Debug_mod_hl2\/test_proxytoggle.obj
         .\Debug_mod_hl2\/test_stressentities.obj
         .\Debug_mod_hl2\/testfunctions.obj
         .\Debug_mod_hl2\/testtraceline.obj
         .\Debug_mod_hl2\/textstatsmgr.obj
         .\Debug_mod_hl2\/timedeventmgr.obj
         .\Debug_mod_hl2\/trains.obj
         .\Debug_mod_hl2\/triggers.obj
         .\Debug_mod_hl2\/usercmd.obj
         .\Debug_mod_hl2\/util.obj
         .\Debug_mod_hl2\/util_shared.obj
         .\Debug_mod_hl2\/variant_t.obj
         .\Debug_mod_hl2\/vehicle_base.obj
         .\Debug_mod_hl2\/vehicle_baseserver.obj
         .\Debug_mod_hl2\/vehicle_choreo_generic.obj
         .\Debug_mod_hl2\/vehicle_viewblend_shared.obj
         .\Debug_mod_hl2\/vguiscreen.obj
         .\Debug_mod_hl2\/voice_gamemgr.obj
         .\Debug_mod_hl2\/vote_controller.obj
         .\Debug_mod_hl2\/waterbullet.obj
         .\Debug_mod_hl2\/WaterLODControl.obj
         .\Debug_mod_hl2\/wcedit.obj
         .\Debug_mod_hl2\/weapon_parse.obj
         .\Debug_mod_hl2\/weapon_parse_default.obj
         .\Debug_mod_hl2\/weapon_proficiency.obj
         .\Debug_mod_hl2\/weight_button.obj
         .\Debug_mod_hl2\/world.obj
         .\Debug_mod_hl2\/achievements_hl2.obj
         .\Debug_mod_hl2\/ai_allymanager.obj
         .\Debug_mod_hl2\/ai_behavior_actbusy.obj
         .\Debug_mod_hl2\/ai_behavior_functank.obj
         .\Debug_mod_hl2\/ai_behavior_holster.obj
         .\Debug_mod_hl2\/ai_behavior_operator.obj
         .\Debug_mod_hl2\/ai_behavior_police.obj
         .\Debug_mod_hl2\/ai_goal_police.obj
         .\Debug_mod_hl2\/ai_spotlight.obj
         .\Debug_mod_hl2\/antlion_dust.obj
         .\Debug_mod_hl2\/antlion_maker.obj
         .\Debug_mod_hl2\/ar2_explosion.obj
         .\Debug_mod_hl2\/basebludgeonweapon.obj
         .\Debug_mod_hl2\/basehlcombatweapon.obj
         .\Debug_mod_hl2\/basehlcombatweapon_shared.obj
         .\Debug_mod_hl2\/cbasehelicopter.obj
         .\Debug_mod_hl2\/cbasespriteprojectile.obj
         .\Debug_mod_hl2\/citadel_effects.obj
         .\Debug_mod_hl2\/combine_mine.obj
         .\Debug_mod_hl2\/env_alyxemp.obj
         .\Debug_mod_hl2\/env_headcrabcanister.obj
         .\Debug_mod_hl2\/env_headcrabcanister_shared.obj
         .\Debug_mod_hl2\/env_speaker.obj
         .\Debug_mod_hl2\/env_starfield.obj
         .\Debug_mod_hl2\/func_recharge.obj
         .\Debug_mod_hl2\/func_tank.obj
         .\Debug_mod_hl2\/grenade_ar2.obj
         .\Debug_mod_hl2\/grenade_bugbait.obj
         .\Debug_mod_hl2\/grenade_frag.obj
         .\Debug_mod_hl2\/hl2_ai_network.obj
         .\Debug_mod_hl2\/hl2_client.obj
         .\Debug_mod_hl2\/hl2_eventlog.obj
         .\Debug_mod_hl2\/hl2_gamerules.obj
         .\Debug_mod_hl2\/hl2_gamestats.obj
         .\Debug_mod_hl2\/hl2_player.obj
         .\Debug_mod_hl2\/hl2_playerlocaldata.obj
         .\Debug_mod_hl2\/hl2_triggers.obj
         .\Debug_mod_hl2\/hl2_usermessages.obj
         .\Debug_mod_hl2\/hl_gamemovement.obj
         .\Debug_mod_hl2\/hl_playermove.obj
         .\Debug_mod_hl2\/info_darknessmode_lightsource.obj
         .\Debug_mod_hl2\/info_teleporter_countdown.obj
         .\Debug_mod_hl2\/item_ammo.obj
         .\Debug_mod_hl2\/item_battery.obj
         .\Debug_mod_hl2\/item_dynamic_resupply.obj
         .\Debug_mod_hl2\/item_healthkit.obj
         .\Debug_mod_hl2\/item_itemcrate.obj
         .\Debug_mod_hl2\/item_suit.obj
         .\Debug_mod_hl2\/look_door.obj
         .\Debug_mod_hl2\/monster_dummy.obj
         .\Debug_mod_hl2\/npc_alyx.obj
         .\Debug_mod_hl2\/npc_antlion.obj
         .\Debug_mod_hl2\/npc_antlionguard.obj
         .\Debug_mod_hl2\/npc_apcdriver.obj
         .\Debug_mod_hl2\/npc_attackchopper.obj
         .\Debug_mod_hl2\/npc_barnacle.obj
         .\Debug_mod_hl2\/npc_barney.obj
         .\Debug_mod_hl2\/npc_basescanner.obj
         .\Debug_mod_hl2\/npc_BaseZombie.obj
         .\Debug_mod_hl2\/npc_blob.obj
         .\Debug_mod_hl2\/npc_breen.obj
         .\Debug_mod_hl2\/npc_bullseye.obj
         .\Debug_mod_hl2\/npc_citizen17.obj
         .\Debug_mod_hl2\/npc_combine.obj
         .\Debug_mod_hl2\/npc_combinecamera.obj
         .\Debug_mod_hl2\/npc_combinedropship.obj
         .\Debug_mod_hl2\/npc_combinegunship.obj
         .\Debug_mod_hl2\/npc_combines.obj
         .\Debug_mod_hl2\/npc_cranedriver.obj
         .\Debug_mod_hl2\/npc_crow.obj
         .\Debug_mod_hl2\/npc_dog.obj
         .\Debug_mod_hl2\/npc_eli.obj
         .\Debug_mod_hl2\/npc_enemyfinder.obj
         .\Debug_mod_hl2\/npc_fastzombie.obj
         .\Debug_mod_hl2\/npc_fisherman.obj
         .\Debug_mod_hl2\/npc_gman.obj
         .\Debug_mod_hl2\/npc_headcrab.obj
         .\Debug_mod_hl2\/npc_ichthyosaur.obj
         .\Debug_mod_hl2\/npc_kleiner.obj
         .\Debug_mod_hl2\/npc_launcher.obj
         .\Debug_mod_hl2\/npc_manhack.obj
         .\Debug_mod_hl2\/npc_metropolice.obj
         .\Debug_mod_hl2\/npc_monk.obj
         .\Debug_mod_hl2\/npc_mossman.obj
         .\Debug_mod_hl2\/npc_playercompanion.obj
         .\Debug_mod_hl2\/npc_PoisonZombie.obj
         .\Debug_mod_hl2\/npc_rollermine.obj
         .\Debug_mod_hl2\/npc_scanner.obj
         .\Debug_mod_hl2\/npc_stalker.obj
         .\Debug_mod_hl2\/npc_strider.obj
         .\Debug_mod_hl2\/npc_talker.obj
         .\Debug_mod_hl2\/npc_turret_ceiling.obj
         .\Debug_mod_hl2\/npc_turret_floor.obj
         .\Debug_mod_hl2\/npc_turret_ground.obj
         .\Debug_mod_hl2\/npc_vortigaunt_episodic.obj
         .\Debug_mod_hl2\/npc_zombie.obj
         .\Debug_mod_hl2\/point_apc_controller.obj
         .\Debug_mod_hl2\/prop_combine_ball.obj
         .\Debug_mod_hl2\/prop_thumper.obj
         .\Debug_mod_hl2\/proto_sniper.obj
         .\Debug_mod_hl2\/rotorwash.obj
         .\Debug_mod_hl2\/script_intro.obj
         .\Debug_mod_hl2\/script_intro_shared.obj
         .\Debug_mod_hl2\/vehicle_airboat.obj
         .\Debug_mod_hl2\/vehicle_cannon.obj
         .\Debug_mod_hl2\/vehicle_crane.obj
         .\Debug_mod_hl2\/vehicle_jeep.obj
         .\Debug_mod_hl2\/vehicle_prisoner_pod.obj
         .\Debug_mod_hl2\/vehicle_viewcontroller.obj
         .\Debug_mod_hl2\/weapon_357.obj
         .\Debug_mod_hl2\/weapon_alyxgun.obj
         .\Debug_mod_hl2\/weapon_annabelle.obj
         .\Debug_mod_hl2\/weapon_ar2.obj
         .\Debug_mod_hl2\/weapon_bugbait.obj
         .\Debug_mod_hl2\/weapon_citizenpackage.obj
         .\Debug_mod_hl2\/weapon_crossbow.obj
         .\Debug_mod_hl2\/weapon_crowbar.obj
         .\Debug_mod_hl2\/weapon_cubemap.obj
         .\Debug_mod_hl2\/weapon_frag.obj
         .\Debug_mod_hl2\/weapon_physcannon.obj
         .\Debug_mod_hl2\/weapon_pistol.obj
         .\Debug_mod_hl2\/weapon_rpg.obj
         .\Debug_mod_hl2\/weapon_shotgun.obj
         .\Debug_mod_hl2\/weapon_smg1.obj
         .\Debug_mod_hl2\/weapon_stunstick.obj
         .\Debug_mod_hl2\/grenade_beam.obj
         .\Debug_mod_hl2\/grenade_homer.obj
         .\Debug_mod_hl2\/grenade_pathfollower.obj
         .\Debug_mod_hl2\/npc_missiledefense.obj
         .\Debug_mod_hl2\/vehicle_apc.obj
         .\Debug_mod_hl2\/weapon_cguard.obj
         .\Debug_mod_hl2\/weapon_flaregun.obj
         .\Debug_mod_hl2\/stdafx.obj
         .\Debug_mod_hl2\/basetempentity.obj
         .\Debug_mod_hl2\/event_tempentity_tester.obj
         .\Debug_mod_hl2\/movie_explosion.obj
         .\Debug_mod_hl2\/particle_fire.obj
         .\Debug_mod_hl2\/particle_smokegrenade.obj
         .\Debug_mod_hl2\/plasma.obj
         .\Debug_mod_hl2\/smoke_trail.obj
         .\Debug_mod_hl2\/smokestack.obj
         .\Debug_mod_hl2\/SpriteTrail.obj
         .\Debug_mod_hl2\/steamjet.obj
         .\Debug_mod_hl2\/te.obj
         .\Debug_mod_hl2\/te_armorricochet.obj
         .\Debug_mod_hl2\/te_basebeam.obj
         .\Debug_mod_hl2\/te_beamentpoint.obj
         .\Debug_mod_hl2\/te_beaments.obj
         .\Debug_mod_hl2\/te_beamfollow.obj
         .\Debug_mod_hl2\/te_beamlaser.obj
         .\Debug_mod_hl2\/te_beampoints.obj
         .\Debug_mod_hl2\/te_beamring.obj
         .\Debug_mod_hl2\/te_beamringpoint.obj
         .\Debug_mod_hl2\/te_beamspline.obj
         .\Debug_mod_hl2\/te_bloodsprite.obj
         .\Debug_mod_hl2\/te_bloodstream.obj
         .\Debug_mod_hl2\/te_breakmodel.obj
         .\Debug_mod_hl2\/te_bspdecal.obj
         .\Debug_mod_hl2\/te_bubbles.obj
         .\Debug_mod_hl2\/te_bubbletrail.obj
         .\Debug_mod_hl2\/te_clientprojectile.obj
         .\Debug_mod_hl2\/te_decal.obj
         .\Debug_mod_hl2\/te_dynamiclight.obj
         .\Debug_mod_hl2\/te_effect_dispatch.obj
         .\Debug_mod_hl2\/te_energysplash.obj
         .\Debug_mod_hl2\/te_explosion.obj
         .\Debug_mod_hl2\/te_fizz.obj
         .\Debug_mod_hl2\/te_footprintdecal.obj
         .\Debug_mod_hl2\/te_gaussexplosion.obj
         .\Debug_mod_hl2\/te_glassshatter.obj
         .\Debug_mod_hl2\/te_glowsprite.obj
         .\Debug_mod_hl2\/te_impact.obj
         .\Debug_mod_hl2\/te_killplayerattachments.obj
         .\Debug_mod_hl2\/te_largefunnel.obj
         .\Debug_mod_hl2\/te_muzzleflash.obj
         .\Debug_mod_hl2\/te_particlesystem.obj
         .\Debug_mod_hl2\/te_physicsprop.obj
         .\Debug_mod_hl2\/te_playerdecal.obj
         .\Debug_mod_hl2\/te_projecteddecal.obj
         .\Debug_mod_hl2\/te_showline.obj
         .\Debug_mod_hl2\/te_smoke.obj
         .\Debug_mod_hl2\/te_sparks.obj
         .\Debug_mod_hl2\/te_sprite.obj
         .\Debug_mod_hl2\/te_spritespray.obj
         .\Debug_mod_hl2\/te_worlddecal.obj
         .\Debug_mod_hl2\/usermessages.obj
         .\Debug_mod_hl2\/entity_tools_server.obj
         .\Debug_mod_hl2\/toolframework_server.obj
         ..\..\lib\public\choreoobjects.lib
         ..\..\lib\public\dmxloader.lib
         ..\..\lib\public\libprotobuf.lib
         ..\..\lib\public\mathlib.lib
         ..\..\lib\public\particles.lib
         ..\..\lib\public\steam_api.lib
         ..\..\lib\public\tier0.lib
         ..\..\lib\public\tier1.lib
         ..\..\lib\public\tier2.lib
         ..\..\lib\public\tier3.lib
         ..\..\lib\public\vstdlib.lib  /ignore:4221
            Creating library .\Debug_mod_hl2\server.lib and object .\Debug_mod_hl2\server.exp
         server_hl2.vcxproj -> C:\ShokuninSrc\2013\source-sdk-2013\sp\src\game\server\.\Debug_mod_hl2\server.dll
       PostBuildEvent:
         Description: Publishing to ..\..\..\game\mod_hl2\bin\.
         if not exist "..\..\..\game\mod_hl2\bin\." mkdir "..\..\..\game\mod_hl2\bin\."
         copy "C:\ShokuninSrc\2013\source-sdk-2013\sp\src\game\server\Debug_mod_hl2\server.dll" "..\..\..\game\mod_hl2\bin\.\server.dll"
         if ERRORLEVEL 1 goto BuildEventFailed
         if exist "C:\ShokuninSrc\2013\source-sdk-2013\sp\src\game\server\Debug_mod_hl2\server.map" copy "C:\ShokuninSrc\2013\source-sdk-2013\sp\src\game\server\Debug_mod_hl2\server.map" ..\..\..\game\mod_hl2\bin\.\server.map
         copy "C:\ShokuninSrc\2013\source-sdk-2013\sp\src\game\server\Debug_mod_hl2\server.pdb" ..\..\..\game\mod_hl2\bin\.\server.pdb
         if ERRORLEVEL 1 goto BuildEventFailed
         goto BuildEventOK
         :BuildEventFailed
         echo *** ERROR! PostBuildStep FAILED for Server (HL2)! EXE or DLL is probably running. ***
         del /q "C:\ShokuninSrc\2013\source-sdk-2013\sp\src\game\server\Debug_mod_hl2\server.dll"
         exit 1
         :BuildEventOK
         
         :VCEnd
                 1 file(s) copied.
                 1 file(s) copied.
       FinalizeBuildStatus:
         Deleting file ".\Debug_mod_hl2\Server (HL2).unsuccessfulbuild".
         Touching ".\Debug_mod_hl2\Server (HL2).lastbuildstate".
     1>Done Building Project "C:\ShokuninSrc\2013\source-sdk-2013\sp\src\game\server\server_hl2.vcxproj" (build target(s)).

Build succeeded.

Time Elapsed 00:01:36.07
