Build started 6/22/2015 2:09:19 PM.
     1>Project "C:\ShokuninSrc\2013\source-sdk-2013\sp\src\game\client\client_hl2.vcxproj" on node 3 (build target(s)).
     1>InitializeBuildStatus:
         Creating ".\Release_mod_hl2\Client (HL2).unsuccessfulbuild" because "AlwaysCreate" was specified.
       PreBuildEvent:
         if EXIST ..\..\..\game\mod_hl2\bin\.\client.dll for /f "delims=" %%A in ('attrib "..\..\..\game\mod_hl2\bin\.\client.dll"') do set valveTmpIsReadOnly="%%A"
         set valveTmpIsReadOnlyLetter=%valveTmpIsReadOnly:~6,1%
         if "%valveTmpIsReadOnlyLetter%"=="R" del /q "C:\ShokuninSrc\2013\source-sdk-2013\sp\src\game\client\Release_mod_hl2\"client.dll
         if exist "..\..\devtools\bin\vpc.exe" "..\..\devtools\bin\vpc.exe" -crc2 "client_hl2.vcxproj"
         if ERRORLEVEL 1 exit /b 1
         
         :VCEnd
       CustomBuild:
         Compiling pointeroverride.asm
          Assembling: C:\ShokuninSrc\2013\source-sdk-2013\sp\src\public\tier0\pointeroverride.asm
         Running VPC CRC Check - client_hl2.vpc
         Microsoft (R) Macro Assembler Version 10.00.40219.01
         Copyright (C) Microsoft Corporation.  All rights reserved.
         
       ClCompile:
         c:\Program Files (x86)\Microsoft Visual Studio 10.0\VC\bin\CL.exe /c /I.\hl2 /I.\hl2\elements /I..\..\game\shared\hl2 /I.\ /I..\..\common /I..\..\public /I..\..\public\tier0 /I..\..\public\tier1 /I..\..\game\client\generated_proto_mod_hl2 /I"..\..\thirdparty\protobuf-2.3.0\src" /I..\..\vgui2\include /I..\..\vgui2\controls /I..\..\game\shared /I.\game_controls /I..\..\thirdparty\sixensesdk\include /Zi /nologo /W4 /WX /MP /O2 /Ob2 /Oi /Ot /Oy- /D VPC /D RAD_TELEMETRY_DISABLED /D WIN32 /D _WIN32 /D NDEBUG /D _WINDOWS /D _USRDLL /D _CRT_SECURE_NO_DEPRECATE /D _CRT_NONSTDC_NO_DEPRECATE /D _ALLOW_RUNTIME_LIBRARY_MISMATCH /D _ALLOW_ITERATOR_DEBUG_LEVEL_MISMATCH /D _ALLOW_MSC_VER_MISMATCH /D _WINDLL /D _MBCS /D COMPILER_MSVC32 /D COMPILER_MSVC32 /D COMPILER_MSVC /D _DLL_EXT=.dll /D DLLNAME=client /D BINK_VIDEO /D AVI_VIDEO /D WMV_VIDEO /D DEV_BUILD /D FRAME_POINTER_OMISSION_DISABLED /D NO_STRING_T /D CLIENT_DLL /D VECTOR /D VERSION_SAFE_STEAM_API_INTERFACES /D PROTECTED_THINGS_ENABLE /D strncpy=use_Q_strncpy_instead /D _snprintf=use_Q_snprintf_instead /D ENABLE_CHROMEHTMLWINDOW /D fopen=dont_use_fopen /D HL2_CLIENT_DLL /D _EXTERNAL_DLL_EXT=.dll /D VPCGAMECAPS=VALVE /D "PROJECTDIR=C:\ShokuninSrc\2013\source-sdk-2013\sp\src\game\client" /D _DLL_EXT=.dll /D SOURCE1=1 /D VPCGAME=valve /GF /Gm- /MT /GS /Gy /arch:SSE /fp:fast /Zc:wchar_t /Zc:forScope /GR /Yc"cbase.h" /Fp".\Release_mod_hl2\/client.pch" /Fo".\Release_mod_hl2\/" /Fd".\Release_mod_hl2\/vc100.pdb" /Gd /TP /wd4316 /analyze- /FC /errorReport:prompt stdafx.cpp /Zm200 /d2Zi+ /Gw
     1>cl : Command line warning D9002: ignoring unknown option '/Gw'
         stdafx.cpp
         c:\Program Files (x86)\Microsoft Visual Studio 10.0\VC\bin\CL.exe /c /I.\hl2 /I.\hl2\elements /I..\..\game\shared\hl2 /I.\ /I..\..\common /I..\..\public /I..\..\public\tier0 /I..\..\public\tier1 /I..\..\game\client\generated_proto_mod_hl2 /I"..\..\thirdparty\protobuf-2.3.0\src" /I..\..\vgui2\include /I..\..\vgui2\controls /I..\..\game\shared /I.\game_controls /I..\..\thirdparty\sixensesdk\include /Zi /nologo /W4 /WX /MP /O2 /Ob2 /Oi /Ot /Oy- /D VPC /D RAD_TELEMETRY_DISABLED /D WIN32 /D _WIN32 /D NDEBUG /D _WINDOWS /D _USRDLL /D _CRT_SECURE_NO_DEPRECATE /D _CRT_NONSTDC_NO_DEPRECATE /D _ALLOW_RUNTIME_LIBRARY_MISMATCH /D _ALLOW_ITERATOR_DEBUG_LEVEL_MISMATCH /D _ALLOW_MSC_VER_MISMATCH /D _WINDLL /D _MBCS /D COMPILER_MSVC32 /D COMPILER_MSVC32 /D COMPILER_MSVC /D _DLL_EXT=.dll /D DLLNAME=client /D BINK_VIDEO /D AVI_VIDEO /D WMV_VIDEO /D DEV_BUILD /D FRAME_POINTER_OMISSION_DISABLED /D NO_STRING_T /D CLIENT_DLL /D VECTOR /D VERSION_SAFE_STEAM_API_INTERFACES /D PROTECTED_THINGS_ENABLE /D strncpy=use_Q_strncpy_instead /D _snprintf=use_Q_snprintf_instead /D ENABLE_CHROMEHTMLWINDOW /D fopen=dont_use_fopen /D HL2_CLIENT_DLL /D _EXTERNAL_DLL_EXT=.dll /D VPCGAMECAPS=VALVE /D "PROJECTDIR=C:\ShokuninSrc\2013\source-sdk-2013\sp\src\game\client" /D _DLL_EXT=.dll /D SOURCE1=1 /D VPCGAME=valve /GF /Gm- /MT /GS /Gy /arch:SSE /fp:fast /Zc:wchar_t /Zc:forScope /GR /Yu"cbase.h" /Fp".\Release_mod_hl2\/client.pch" /Fo".\Release_mod_hl2\/" /Fd".\Release_mod_hl2\/vc100.pdb" /Gd /TP /wd4316 /analyze- /FC /errorReport:prompt mp3player.cpp replay\cdll_replay.cpp replay\replaycamera.cpp achievement_notification_panel.cpp ..\..\game\shared\achievement_saverestore.cpp ..\..\game\shared\achievementmgr.cpp ..\..\game\shared\achievements_hlx.cpp ..\..\game\shared\activitylist.cpp alphamaterialproxy.cpp ..\..\game\shared\ammodef.cpp animatedentitytextureproxy.cpp animatedoffsettextureproxy.cpp animatedtextureproxy.cpp AnimateSpecificTextureProxy.cpp ..\..\game\shared\animation.cpp ..\..\game\shared\base_playeranimstate.cpp ..\..\game\shared\baseachievement.cpp baseanimatedtextureproxy.cpp baseclientrendertargets.cpp ..\..\game\shared\basecombatcharacter_shared.cpp ..\..\game\shared\basecombatweapon_shared.cpp ..\..\game\shared\baseentity_shared.cpp ..\..\game\shared\basegrenade_shared.cpp ..\..\game\shared\baseparticleentity.cpp ..\..\game\shared\baseplayer_shared.cpp basepresence.cpp ..\..\game\shared\baseprojectile.cpp ..\..\game\shared\baseviewmodel_shared.cpp ..\..\game\shared\beam_shared.cpp beamdraw.cpp ..\..\public\bone_accessor.cpp bone_merge_cache.cpp c_ai_basehumanoid.cpp c_ai_basenpc.cpp c_baseanimating.cpp c_baseanimatingoverlay.cpp c_basecombatcharacter.cpp c_basecombatweapon.cpp c_basedoor.cpp c_baseentity.cpp c_baseflex.cpp c_baseplayer.cpp c_baseviewmodel.cpp c_breakableprop.cpp c_colorcorrection.cpp c_colorcorrectionvolume.cpp c_dynamiclight.cpp c_entitydissolve.cpp c_entityparticletrail.cpp c_env_fog_controller.cpp c_env_particlescript.cpp c_env_projectedtexture.cpp c_env_screenoverlay.cpp c_env_tonemap_controller.cpp c_fire_smoke.cpp c_fish.cpp c_func_areaportalwindow.cpp c_func_breakablesurf.cpp c_func_conveyor.cpp c_func_dust.cpp c_func_lod.cpp hl2\C_Func_Monitor.cpp c_func_occluder.cpp c_func_reflective_glass.cpp c_func_rotating.cpp c_func_smokevolume.cpp c_func_tracktrain.cpp c_gib.cpp c_hairball.cpp c_info_overlay_accessor.cpp c_lightglow.cpp C_MaterialModifyControl.cpp c_particle_system.cpp c_physbox.cpp c_physicsprop.cpp c_physmagnet.cpp c_pixel_visibility.cpp c_plasma.cpp c_playerresource.cpp c_point_camera.cpp c_point_commentary_node.cpp c_props.cpp c_ragdoll_manager.cpp c_rope.cpp c_rumble.cpp c_sceneentity.cpp c_shadowcontrol.cpp c_slideshow_display.cpp c_soundscape.cpp c_spotlight_end.cpp c_sprite.cpp c_sprite_perfmonitor.cpp c_sun.cpp c_team.cpp c_team_objectiveresource.cpp c_tesla.cpp c_test_proxytoggle.cpp c_user_message_register.cpp c_vehicle_choreo_generic.cpp c_vehicle_jeep.cpp c_vguiscreen.cpp ..\..\game\client\c_vote_controller.cpp hl2\c_waterbullet.cpp C_WaterLODControl.cpp c_world.cpp ..\..\game\shared\cam_thirdperson.cpp camomaterialproxy.cpp cdll_bounded_cvars.cpp cdll_client_int.cpp cdll_util.cpp cl_mat_stub.cpp classmap.cpp client_factorylist.cpp client_thinklist.cpp client_virtualreality.cpp clienteffectprecachesystem.cpp cliententitylist.cpp clientleafsystem.cpp clientmode_shared.cpp clientshadowmgr.cpp clientsideeffects.cpp clientsideeffects_test.cpp clientsteamcontext.cpp ..\..\game\shared\collisionproperty.cpp colorcorrectionmgr.cpp commentary_modelviewer.cpp ..\..\game\shared\death_pose.cpp ..\..\game\shared\debugoverlay_shared.cpp ..\..\game\shared\decals.cpp detailobjectsystem.cpp dummyproxy.cpp ..\..\game\shared\effect_dispatch_data.cpp EffectsClient.cpp ..\..\game\shared\ehandle.cpp ..\..\game\shared\entitylist_base.cpp entityoriginmaterialproxy.cpp ..\..\game\shared\EntityParticleTrail_Shared.cpp ..\..\game\shared\env_detail_controller.cpp ..\..\game\shared\env_wind_shared.cpp ..\..\game\shared\eventlist.cpp flashlighteffect.cpp ..\..\game\shared\func_ladder.cpp functionproxy.cpp fx_blood.cpp fx_cube.cpp fx_explosion.cpp fx_fleck.cpp fx_impact.cpp fx_interpvalue.cpp fx_quad.cpp fx_shelleject.cpp fx_staticline.cpp fx_tracer.cpp fx_trail.cpp fx_water.cpp ..\..\game\shared\gamemovement.cpp ..\..\game\shared\gamerules.cpp ..\..\game\shared\gamerules_register.cpp ..\..\game\shared\GameStats.cpp ..\..\game\shared\gamestringpool.cpp gametrace_client.cpp ..\..\game\shared\gamevars_shared.cpp geiger.cpp glow_outline_effect.cpp glow_overlay.cpp ..\..\public\haptics\haptic_msgs.cpp ..\..\public\haptics\haptic_utils.cpp ..\..\game\shared\hintmessage.cpp ..\..\game\shared\hintsystem.cpp history_resource.cpp hltvcamera.cpp hud.cpp hud_animationinfo.cpp hl2\hud_autoaim.cpp hud_basechat.cpp hud_basetimer.cpp hud_bitmapnumericdisplay.cpp hud_chat.cpp hud_closecaption.cpp hud_crosshair.cpp hud_element_helper.cpp hl2\hud_filmdemo.cpp hl2\hud_hdrdemo.cpp hud_hintdisplay.cpp hud_msg.cpp hud_numericdisplay.cpp hud_pdump.cpp hud_redraw.cpp hud_vehicle.cpp hud_weapon.cpp ..\..\game\shared\igamesystem.cpp in_camera.cpp in_joystick.cpp in_main.cpp initializer.cpp interpolatedvar.cpp IsNPCProxy.cpp lampbeamproxy.cpp lamphaloproxy.cpp ..\..\game\shared\mapentities_shared.cpp mathproxy.cpp matrixproxy.cpp menu.cpp message.cpp movehelper_client.cpp ..\..\game\shared\movevars_shared.cpp ..\..\game\shared\mp_shareddefs.cpp ..\..\game\shared\multiplay_gamerules.cpp ..\..\game\shared\obstacle_pushaway.cpp panelmetaclassmgr.cpp particle_collision.cpp particle_litsmokeemitter.cpp ..\..\game\shared\particle_parse.cpp ..\..\game\shared\particle_property.cpp particle_proxies.cpp particle_simple3d.cpp particlemgr.cpp particles_attractor.cpp particles_ez.cpp particles_localspace.cpp particles_new.cpp particles_simple.cpp ..\..\game\shared\particlesystemquery.cpp perfvisualbenchmark.cpp physics.cpp physics_main_client.cpp ..\..\game\shared\physics_main_shared.cpp ..\..\game\shared\physics_saverestore.cpp ..\..\game\shared\physics_shared.cpp physpropclientside.cpp playerandobjectenumerator.cpp playerspawncache.cpp ..\..\game\shared\point_bonusmaps_accessor.cpp ..\..\game\shared\point_posecontroller.cpp ..\..\game\shared\precache_register.cpp ..\..\game\shared\predictableid.cpp prediction.cpp ..\..\game\shared\predictioncopy.cpp ..\..\game\shared\props_shared.cpp proxyentity.cpp ProxyHealth.cpp proxyplayer.cpp proxypupil.cpp ragdoll.cpp ..\..\game\shared\ragdoll_shared.cpp recvproxy.cpp ..\..\game\shared\rope_helpers.cpp ..\..\game\shared\saverestore.cpp ..\..\game\shared\sceneentity_shared.cpp ScreenSpaceEffects.cpp ..\..\game\shared\sequence_Transitioner.cpp simple_keys.cpp ..\..\game\shared\simtimer.cpp ..\..\game\shared\singleplay_gamerules.cpp ..\..\game\shared\SoundEmitterSystem.cpp ..\..\game\shared\soundenvelope.cpp ..\..\public\SoundParametersInternal.cpp splinepatch.cpp ..\..\game\shared\Sprite.cpp spritemodel.cpp ..\..\game\shared\SpriteTrail.cpp ..\..\game\shared\studio_shared.cpp studio_stats.cpp ..\..\game\shared\takedamageinfo.cpp ..\..\game\shared\teamplay_gamerules.cpp ..\..\game\shared\teamplayroundbased_gamerules.cpp ..\..\game\shared\test_ehandle.cpp text_message.cpp texturescrollmaterialproxy.cpp timematerialproxy.cpp toggletextureproxy.cpp train.cpp ..\..\game\shared\usercmd.cpp ..\..\game\shared\usermessages.cpp ..\..\game\shared\util_shared.cpp ..\..\game\shared\vehicle_viewblend_shared.cpp vgui_avatarimage.cpp vgui_basepanel.cpp vgui_bitmapbutton.cpp vgui_bitmapimage.cpp vgui_bitmappanel.cpp vgui_centerstringpanel.cpp vgui_consolepanel.cpp vgui_debugoverlaypanel.cpp vgui_fpspanel.cpp vgui_game_viewport.cpp vgui_grid.cpp vgui_int.cpp vgui_loadingdiscpanel.cpp vgui_messagechars.cpp vgui_netgraphpanel.cpp vgui_schemevisualizer.cpp vgui_slideshow_display_screen.cpp vgui_video.cpp vgui_video_player.cpp view.cpp view_beams.cpp view_effects.cpp view_scene.cpp viewangleanim.cpp ViewConeImage.cpp viewdebug.cpp viewpostprocess.cpp viewrender.cpp ..\..\game\shared\voice_banmgr.cpp ..\..\game\shared\voice_status.cpp warp_overlay.cpp WaterLODMaterialProxy.cpp ..\..\game\shared\weapon_parse.cpp ..\..\game\shared\weapon_parse_default.cpp weapon_selection.cpp weapons_resource.cpp WorldDimsProxy.cpp game_controls\basemodel_panel.cpp game_controls\basemodelpanel.cpp game_controls\baseviewport.cpp game_controls\ClientScoreBoardDialog.cpp game_controls\commandmenu.cpp game_controls\IconPanel.cpp game_controls\intromenu.cpp game_controls\MapOverview.cpp game_controls\NavProgress.cpp game_controls\SpectatorGUI.cpp game_controls\teammenu.cpp game_controls\vguitextwindow.cpp ..\..\game\shared\hl2\achievements_hl2.cpp ..\..\game\shared\hl2\basehlcombatweapon_shared.cpp hl2\c_antlion_dust.cpp hl2\c_ar2_explosion.cpp hl2\c_barnacle.cpp hl2\c_barney.cpp hl2\c_basehelicopter.cpp hl2\c_basehlcombatweapon.cpp hl2\c_basehlplayer.cpp hl2\c_citadel_effects.cpp hl2\c_corpse.cpp hl2\c_env_alyxtemp.cpp hl2\c_env_headcrabcanister.cpp hl2\c_env_starfield.cpp hl2\c_func_tankmortar.cpp hl2\c_hl2_playerlocaldata.cpp hl2\c_info_teleporter_countdown.cpp hl2\c_npc_antlionguard.cpp hl2\c_npc_combinegunship.cpp hl2\c_npc_manhack.cpp hl2\c_npc_rollermine.cpp hl2\c_plasma_beam_node.cpp hl2\c_prop_combine_ball.cpp hl2\c_rotorwash.cpp hl2\c_script_intro.cpp hl2\c_strider.cpp hl2\c_te_concussiveexplosion.cpp hl2\c_te_flare.cpp hl2\c_thumper_dust.cpp hl2\c_vehicle_airboat.cpp hl2\c_vehicle_cannon.cpp hl2\c_vehicle_crane.cpp hl2\c_vehicle_prisoner_pod.cpp episodic\c_vort_charge_token.cpp hl2\c_weapon__stubs_hl2.cpp hl2\c_weapon_crossbow.cpp hl2\c_weapon_physcannon.cpp hl2\c_weapon_stunstick.cpp hl2\clientmode_hlnormal.cpp death.cpp ..\..\game\shared\hl2\env_headcrabcanister_shared.cpp hl2\fx_antlion.cpp hl2\fx_bugbait.cpp hl2\fx_hl2_impacts.cpp hl2\fx_hl2_tracers.cpp hl2\hl2_clientmode.cpp ..\..\game\shared\hl2\hl2_gamerules.cpp ..\..\game\shared\hl2\hl2_usermessages.cpp ..\..\game\shared\hl2\hl_gamemovement.cpp hl2\hl_in_main.cpp hl2\hl_prediction.cpp hl2\hud_ammo.cpp hl2\hud_battery.cpp hl2\hud_blood.cpp hl2\hud_credits.cpp hl2\hud_damageindicator.cpp hl2\hud_flashlight.cpp hl2\hud_health.cpp hl2\hud_poisondamageindicator.cpp hud_posture.cpp hl2\hud_quickinfo.cpp hud_squadstatus.cpp hl2\hud_suitpower.cpp hl2\hud_weaponselection.cpp hl2\hud_zoom.cpp ..\..\game\shared\script_intro_shared.cpp hl2\shieldproxy.cpp hl2\vgui_rootpanel_hl2.cpp sixense\in_sixense.cpp sixense\in_sixense_gesture_bindings.cpp ..\..\game\shared\sixense\sixense_convars.cpp c_basetempentity.cpp c_effects.cpp c_impact_effects.cpp c_movie_explosion.cpp c_particle_fire.cpp c_particle_smokegrenade.cpp c_prop_vehicle.cpp c_recipientfilter.cpp c_smoke_trail.cpp c_smokestack.cpp c_steamjet.cpp c_stickybolt.cpp c_te.cpp c_te_armorricochet.cpp c_te_basebeam.cpp c_te_beamentpoint.cpp c_te_beaments.cpp c_te_beamfollow.cpp c_te_beamlaser.cpp c_te_beampoints.cpp c_te_beamring.cpp c_te_beamringpoint.cpp c_te_beamspline.cpp c_te_bloodsprite.cpp c_te_bloodstream.cpp c_te_breakmodel.cpp c_te_bspdecal.cpp c_te_bubbles.cpp c_te_bubbletrail.cpp c_te_clientprojectile.cpp c_te_decal.cpp c_te_dynamiclight.cpp c_te_effect_dispatch.cpp c_te_energysplash.cpp c_te_explosion.cpp c_te_fizz.cpp c_te_footprint.cpp c_te_glassshatter.cpp c_te_glowsprite.cpp c_te_impact.cpp c_te_killplayerattachments.cpp c_te_largefunnel.cpp c_te_legacytempents.cpp c_te_muzzleflash.cpp c_te_particlesystem.cpp c_te_physicsprop.cpp c_te_playerdecal.cpp c_te_projecteddecal.cpp c_te_showline.cpp c_te_smoke.cpp c_te_sparks.cpp c_te_sprite.cpp c_te_spritespray.cpp c_te_worlddecal.cpp c_testtraceline.cpp c_tracer.cpp fx.cpp fx_discreetline.cpp fx_envelope.cpp fx_line.cpp fx_sparks.cpp particlesphererenderer.cpp smoke_fog_overlay.cpp ..\..\public\tools\bonelist.cpp entity_client_tools.cpp toolframework_client.cpp /Zm200 /d2Zi+ /Gw
     1>cl : Command line warning D9002: ignoring unknown option '/Gw'
     1>cl : Command line warning D9002: ignoring unknown option '/Gw'
     1>cl : Command line warning D9002: ignoring unknown option '/Gw'
     1>cl : Command line warning D9002: ignoring unknown option '/Gw'
     1>cl : Command line warning D9002: ignoring unknown option '/Gw'
         mp3player.cpp
         cdll_replay.cpp
         replaycamera.cpp
     1>cl : Command line warning D9002: ignoring unknown option '/Gw'
         achievement_notification_panel.cpp
         achievement_saverestore.cpp
     1>cl : Command line warning D9002: ignoring unknown option '/Gw'
         achievementmgr.cpp
     1>cl : Command line warning D9002: ignoring unknown option '/Gw'
         achievements_hlx.cpp
     1>cl : Command line warning D9002: ignoring unknown option '/Gw'
         activitylist.cpp
         alphamaterialproxy.cpp
         ammodef.cpp
         animatedentitytextureproxy.cpp
         animatedoffsettextureproxy.cpp
         animatedtextureproxy.cpp
         AnimateSpecificTextureProxy.cpp
         animation.cpp
         base_playeranimstate.cpp
         baseachievement.cpp
         baseanimatedtextureproxy.cpp
         baseclientrendertargets.cpp
         basecombatcharacter_shared.cpp
         basecombatweapon_shared.cpp
         baseentity_shared.cpp
         basegrenade_shared.cpp
         baseparticleentity.cpp
         baseplayer_shared.cpp
         basepresence.cpp
         baseprojectile.cpp
         baseviewmodel_shared.cpp
         beam_shared.cpp
         beamdraw.cpp
         bone_accessor.cpp
         bone_merge_cache.cpp
         c_ai_basehumanoid.cpp
         c_ai_basenpc.cpp
         c_baseanimating.cpp
         c_baseanimatingoverlay.cpp
         c_basecombatcharacter.cpp
         c_basecombatweapon.cpp
         c_basedoor.cpp
         c_baseentity.cpp
         c_baseflex.cpp
         c_baseplayer.cpp
         c_baseviewmodel.cpp
         c_breakableprop.cpp
         c_colorcorrection.cpp
         c_colorcorrectionvolume.cpp
         c_dynamiclight.cpp
         c_entitydissolve.cpp
         c_entityparticletrail.cpp
         c_env_fog_controller.cpp
         c_env_particlescript.cpp
         c_env_projectedtexture.cpp
         c_env_screenoverlay.cpp
         c_env_tonemap_controller.cpp
         c_fire_smoke.cpp
         c_fish.cpp
         c_func_areaportalwindow.cpp
         c_func_breakablesurf.cpp
         c_func_conveyor.cpp
         c_func_dust.cpp
         c_func_lod.cpp
         C_Func_Monitor.cpp
         c_func_occluder.cpp
         c_func_reflective_glass.cpp
         c_func_rotating.cpp
         c_func_smokevolume.cpp
         c_func_tracktrain.cpp
         c_gib.cpp
         c_hairball.cpp
         c_info_overlay_accessor.cpp
         c_lightglow.cpp
         C_MaterialModifyControl.cpp
         c_particle_system.cpp
         c_physbox.cpp
         c_physicsprop.cpp
         c_physmagnet.cpp
         c_pixel_visibility.cpp
         c_plasma.cpp
         c_playerresource.cpp
         c_point_camera.cpp
         c_point_commentary_node.cpp
         c_props.cpp
         c_ragdoll_manager.cpp
         c_rope.cpp
         c_rumble.cpp
         c_sceneentity.cpp
         c_shadowcontrol.cpp
         c_slideshow_display.cpp
         c_soundscape.cpp
         c_spotlight_end.cpp
         c_sprite.cpp
         c_sprite_perfmonitor.cpp
         c_sun.cpp
         c_team.cpp
         c_team_objectiveresource.cpp
         c_tesla.cpp
         c_test_proxytoggle.cpp
         c_user_message_register.cpp
         c_vehicle_choreo_generic.cpp
         c_vehicle_jeep.cpp
         c_vguiscreen.cpp
         c_vote_controller.cpp
         c_waterbullet.cpp
         C_WaterLODControl.cpp
         c_world.cpp
         cam_thirdperson.cpp
         camomaterialproxy.cpp
         cdll_bounded_cvars.cpp
         cdll_client_int.cpp
         cdll_util.cpp
         cl_mat_stub.cpp
         classmap.cpp
         client_factorylist.cpp
         client_thinklist.cpp
         client_virtualreality.cpp
         clienteffectprecachesystem.cpp
         cliententitylist.cpp
         clientleafsystem.cpp
         clientmode_shared.cpp
         clientshadowmgr.cpp
         clientsideeffects.cpp
         clientsideeffects_test.cpp
         clientsteamcontext.cpp
         collisionproperty.cpp
         colorcorrectionmgr.cpp
         commentary_modelviewer.cpp
         death_pose.cpp
         debugoverlay_shared.cpp
         decals.cpp
         detailobjectsystem.cpp
         dummyproxy.cpp
         effect_dispatch_data.cpp
         EffectsClient.cpp
         ehandle.cpp
         entitylist_base.cpp
         entityoriginmaterialproxy.cpp
         EntityParticleTrail_Shared.cpp
         env_detail_controller.cpp
         env_wind_shared.cpp
         eventlist.cpp
         flashlighteffect.cpp
         func_ladder.cpp
         functionproxy.cpp
         fx_blood.cpp
         fx_cube.cpp
         fx_explosion.cpp
         fx_fleck.cpp
         fx_impact.cpp
         fx_interpvalue.cpp
         fx_quad.cpp
         fx_shelleject.cpp
         fx_staticline.cpp
         fx_tracer.cpp
         fx_trail.cpp
         fx_water.cpp
         gamemovement.cpp
         gamerules.cpp
         gamerules_register.cpp
         GameStats.cpp
         gamestringpool.cpp
         gametrace_client.cpp
         gamevars_shared.cpp
         geiger.cpp
         glow_outline_effect.cpp
         glow_overlay.cpp
         haptic_msgs.cpp
         haptic_utils.cpp
         hintmessage.cpp
         hintsystem.cpp
         history_resource.cpp
         hltvcamera.cpp
         hud.cpp
         hud_animationinfo.cpp
         hud_autoaim.cpp
         hud_basechat.cpp
         hud_basetimer.cpp
         hud_bitmapnumericdisplay.cpp
         hud_chat.cpp
         hud_closecaption.cpp
         hud_crosshair.cpp
         hud_element_helper.cpp
         hud_filmdemo.cpp
         hud_hdrdemo.cpp
         hud_hintdisplay.cpp
         hud_msg.cpp
         hud_numericdisplay.cpp
         hud_pdump.cpp
         hud_redraw.cpp
         hud_vehicle.cpp
         hud_weapon.cpp
         igamesystem.cpp
         in_camera.cpp
         in_joystick.cpp
         in_main.cpp
         initializer.cpp
         interpolatedvar.cpp
         IsNPCProxy.cpp
         lampbeamproxy.cpp
         lamphaloproxy.cpp
         mapentities_shared.cpp
         mathproxy.cpp
         matrixproxy.cpp
         menu.cpp
         message.cpp
         movehelper_client.cpp
         movevars_shared.cpp
         mp_shareddefs.cpp
         multiplay_gamerules.cpp
         obstacle_pushaway.cpp
         panelmetaclassmgr.cpp
         particle_collision.cpp
         particle_litsmokeemitter.cpp
         particle_parse.cpp
         particle_property.cpp
         particle_proxies.cpp
         particle_simple3d.cpp
         particlemgr.cpp
         particles_attractor.cpp
         particles_ez.cpp
         particles_localspace.cpp
         particles_new.cpp
         particles_simple.cpp
         particlesystemquery.cpp
         perfvisualbenchmark.cpp
         physics.cpp
         physics_main_client.cpp
         physics_main_shared.cpp
         physics_saverestore.cpp
         physics_shared.cpp
         physpropclientside.cpp
         playerandobjectenumerator.cpp
         playerspawncache.cpp
         point_bonusmaps_accessor.cpp
         point_posecontroller.cpp
         precache_register.cpp
         predictableid.cpp
         prediction.cpp
         predictioncopy.cpp
         props_shared.cpp
         proxyentity.cpp
         ProxyHealth.cpp
         proxyplayer.cpp
         proxypupil.cpp
         ragdoll.cpp
         ragdoll_shared.cpp
         recvproxy.cpp
         rope_helpers.cpp
         saverestore.cpp
         sceneentity_shared.cpp
         ScreenSpaceEffects.cpp
         sequence_Transitioner.cpp
         simple_keys.cpp
         simtimer.cpp
         singleplay_gamerules.cpp
         SoundEmitterSystem.cpp
         soundenvelope.cpp
         SoundParametersInternal.cpp
         splinepatch.cpp
         Sprite.cpp
         spritemodel.cpp
         SpriteTrail.cpp
         studio_shared.cpp
         studio_stats.cpp
         takedamageinfo.cpp
         teamplay_gamerules.cpp
         teamplayroundbased_gamerules.cpp
         test_ehandle.cpp
         text_message.cpp
         texturescrollmaterialproxy.cpp
         timematerialproxy.cpp
         toggletextureproxy.cpp
         train.cpp
         usercmd.cpp
         usermessages.cpp
         util_shared.cpp
         vehicle_viewblend_shared.cpp
         vgui_avatarimage.cpp
         vgui_basepanel.cpp
         vgui_bitmapbutton.cpp
         vgui_bitmapimage.cpp
         vgui_bitmappanel.cpp
         vgui_centerstringpanel.cpp
         vgui_consolepanel.cpp
         vgui_debugoverlaypanel.cpp
         vgui_fpspanel.cpp
         vgui_game_viewport.cpp
         vgui_grid.cpp
         vgui_int.cpp
         vgui_loadingdiscpanel.cpp
         vgui_messagechars.cpp
         vgui_netgraphpanel.cpp
         vgui_schemevisualizer.cpp
         vgui_slideshow_display_screen.cpp
         vgui_video.cpp
         vgui_video_player.cpp
         view.cpp
         view_beams.cpp
         view_effects.cpp
         view_scene.cpp
         viewangleanim.cpp
         ViewConeImage.cpp
         viewdebug.cpp
         viewpostprocess.cpp
         viewrender.cpp
         voice_banmgr.cpp
         voice_status.cpp
         warp_overlay.cpp
         WaterLODMaterialProxy.cpp
         weapon_parse.cpp
         weapon_parse_default.cpp
         weapon_selection.cpp
         weapons_resource.cpp
         WorldDimsProxy.cpp
         basemodel_panel.cpp
         basemodelpanel.cpp
         baseviewport.cpp
         ClientScoreBoardDialog.cpp
         commandmenu.cpp
         IconPanel.cpp
         intromenu.cpp
         MapOverview.cpp
         NavProgress.cpp
         SpectatorGUI.cpp
         teammenu.cpp
         vguitextwindow.cpp
         achievements_hl2.cpp
         basehlcombatweapon_shared.cpp
         c_antlion_dust.cpp
         c_ar2_explosion.cpp
         c_barnacle.cpp
         c_barney.cpp
         c_basehelicopter.cpp
         c_basehlcombatweapon.cpp
         c_basehlplayer.cpp
         c_citadel_effects.cpp
         c_corpse.cpp
         c_env_alyxtemp.cpp
         c_env_headcrabcanister.cpp
         c_env_starfield.cpp
         c_func_tankmortar.cpp
         c_hl2_playerlocaldata.cpp
         c_info_teleporter_countdown.cpp
         c_npc_antlionguard.cpp
         c_npc_combinegunship.cpp
         c_npc_manhack.cpp
         c_npc_rollermine.cpp
         c_plasma_beam_node.cpp
         c_prop_combine_ball.cpp
         c_rotorwash.cpp
         c_script_intro.cpp
         c_strider.cpp
         c_te_concussiveexplosion.cpp
         c_te_flare.cpp
         c_thumper_dust.cpp
         c_vehicle_airboat.cpp
         c_vehicle_cannon.cpp
         c_vehicle_crane.cpp
         c_vehicle_prisoner_pod.cpp
         c_vort_charge_token.cpp
         c_weapon__stubs_hl2.cpp
         c_weapon_crossbow.cpp
         c_weapon_physcannon.cpp
         c_weapon_stunstick.cpp
         clientmode_hlnormal.cpp
         death.cpp
         env_headcrabcanister_shared.cpp
         fx_antlion.cpp
         fx_bugbait.cpp
         fx_hl2_impacts.cpp
         fx_hl2_tracers.cpp
         hl2_clientmode.cpp
         hl2_gamerules.cpp
         hl2_usermessages.cpp
         hl_gamemovement.cpp
         hl_in_main.cpp
         hl_prediction.cpp
         hud_ammo.cpp
         hud_battery.cpp
         hud_blood.cpp
         hud_credits.cpp
         hud_damageindicator.cpp
         hud_flashlight.cpp
         hud_health.cpp
         hud_poisondamageindicator.cpp
         hud_posture.cpp
         hud_quickinfo.cpp
         hud_squadstatus.cpp
         hud_suitpower.cpp
         hud_weaponselection.cpp
         hud_zoom.cpp
         script_intro_shared.cpp
         shieldproxy.cpp
         vgui_rootpanel_hl2.cpp
         in_sixense.cpp
         in_sixense_gesture_bindings.cpp
         sixense_convars.cpp
         c_basetempentity.cpp
         c_effects.cpp
         c_impact_effects.cpp
         c_movie_explosion.cpp
         c_particle_fire.cpp
         c_particle_smokegrenade.cpp
         c_prop_vehicle.cpp
         c_recipientfilter.cpp
         c_smoke_trail.cpp
         c_smokestack.cpp
         c_steamjet.cpp
         c_stickybolt.cpp
         c_te.cpp
         c_te_armorricochet.cpp
         c_te_basebeam.cpp
         c_te_beamentpoint.cpp
         c_te_beaments.cpp
         c_te_beamfollow.cpp
         c_te_beamlaser.cpp
         c_te_beampoints.cpp
         c_te_beamring.cpp
         c_te_beamringpoint.cpp
         c_te_beamspline.cpp
         c_te_bloodsprite.cpp
         c_te_bloodstream.cpp
         c_te_breakmodel.cpp
         c_te_bspdecal.cpp
         c_te_bubbles.cpp
         c_te_bubbletrail.cpp
         c_te_clientprojectile.cpp
         c_te_decal.cpp
         c_te_dynamiclight.cpp
         c_te_effect_dispatch.cpp
         c_te_energysplash.cpp
         c_te_explosion.cpp
         c_te_fizz.cpp
         c_te_footprint.cpp
         c_te_glassshatter.cpp
         c_te_glowsprite.cpp
         c_te_impact.cpp
         c_te_killplayerattachments.cpp
         c_te_largefunnel.cpp
         c_te_legacytempents.cpp
         c_te_muzzleflash.cpp
         c_te_particlesystem.cpp
         c_te_physicsprop.cpp
         c_te_playerdecal.cpp
         c_te_projecteddecal.cpp
         c_te_showline.cpp
         c_te_smoke.cpp
         c_te_sparks.cpp
         c_te_sprite.cpp
         c_te_spritespray.cpp
         c_te_worlddecal.cpp
         c_testtraceline.cpp
         c_tracer.cpp
         fx.cpp
         fx_discreetline.cpp
         fx_envelope.cpp
         fx_line.cpp
         fx_sparks.cpp
         particlesphererenderer.cpp
         smoke_fog_overlay.cpp
         bonelist.cpp
         entity_client_tools.cpp
         toolframework_client.cpp
         c:\Program Files (x86)\Microsoft Visual Studio 10.0\VC\bin\CL.exe /c /I.\hl2 /I.\hl2\elements /I..\..\game\shared\hl2 /I.\ /I..\..\common /I..\..\public /I..\..\public\tier0 /I..\..\public\tier1 /I..\..\game\client\generated_proto_mod_hl2 /I"..\..\thirdparty\protobuf-2.3.0\src" /I..\..\vgui2\include /I..\..\vgui2\controls /I..\..\game\shared /I.\game_controls /I..\..\thirdparty\sixensesdk\include /Zi /nologo /W4 /WX /MP /O2 /Ob2 /Oi /Ot /Oy- /D VPC /D RAD_TELEMETRY_DISABLED /D WIN32 /D _WIN32 /D NDEBUG /D _WINDOWS /D _USRDLL /D _CRT_SECURE_NO_DEPRECATE /D _CRT_NONSTDC_NO_DEPRECATE /D _ALLOW_RUNTIME_LIBRARY_MISMATCH /D _ALLOW_ITERATOR_DEBUG_LEVEL_MISMATCH /D _ALLOW_MSC_VER_MISMATCH /D _WINDLL /D _MBCS /D COMPILER_MSVC32 /D COMPILER_MSVC32 /D COMPILER_MSVC /D _DLL_EXT=.dll /D DLLNAME=client /D BINK_VIDEO /D AVI_VIDEO /D WMV_VIDEO /D DEV_BUILD /D FRAME_POINTER_OMISSION_DISABLED /D NO_STRING_T /D CLIENT_DLL /D VECTOR /D VERSION_SAFE_STEAM_API_INTERFACES /D PROTECTED_THINGS_ENABLE /D strncpy=use_Q_strncpy_instead /D _snprintf=use_Q_snprintf_instead /D ENABLE_CHROMEHTMLWINDOW /D fopen=dont_use_fopen /D HL2_CLIENT_DLL /D _EXTERNAL_DLL_EXT=.dll /D VPCGAMECAPS=VALVE /D "PROJECTDIR=C:\ShokuninSrc\2013\source-sdk-2013\sp\src\game\client" /D _DLL_EXT=.dll /D SOURCE1=1 /D VPCGAME=valve /GF /Gm- /MT /GS /Gy /arch:SSE /fp:fast /Zc:wchar_t /Zc:forScope /GR /Fo".\Release_mod_hl2\/" /Fd".\Release_mod_hl2\/vc100.pdb" /Gd /TP /wd4316 /analyze- /FC /errorReport:prompt ..\..\public\bone_setup.cpp ..\..\public\client_class.cpp ..\..\public\collisionutils.cpp ..\..\common\compiledcaptionswap.cpp ..\..\public\crtmemdebug.cpp ..\..\public\dt_recv.cpp ..\..\public\dt_utlvector_common.cpp ..\..\public\dt_utlvector_recv.cpp ..\..\public\filesystem_helpers.cpp hud_lcd.cpp in_mouse.cpp ..\..\public\interpolatortypes.cpp ..\..\game\shared\interval.cpp ..\..\public\jigglebones.cpp ..\..\common\language.cpp ..\..\public\tier0\memoverride.cpp mumble.cpp ..\..\public\networkvar.cpp ..\..\public\posedebugger.cpp ..\..\common\randoverride.cpp ..\..\public\renamed_recvtable_compat.cpp rendertexture.cpp ..\..\public\rope_physics.cpp ..\..\public\scratchpad3d.cpp ..\..\public\ScratchPadUtils.cpp ..\..\public\sentence.cpp ..\..\game\shared\sheetsimulator.cpp ..\..\public\simple_physics.cpp ..\..\public\stringregistry.cpp ..\..\public\studio.cpp ..\..\public\vallocator.cpp ..\..\public\vgui_controls\vgui_controls.cpp /Zm200 /d2Zi+ /Gw
     1>cl : Command line warning D9002: ignoring unknown option '/Gw'
     1>cl : Command line warning D9002: ignoring unknown option '/Gw'
         bone_setup.cpp
     1>cl : Command line warning D9002: ignoring unknown option '/Gw'
         client_class.cpp
     1>cl : Command line warning D9002: ignoring unknown option '/Gw'
         collisionutils.cpp
     1>cl : Command line warning D9002: ignoring unknown option '/Gw'
         compiledcaptionswap.cpp
     1>cl : Command line warning D9002: ignoring unknown option '/Gw'
         crtmemdebug.cpp
     1>cl : Command line warning D9002: ignoring unknown option '/Gw'
         dt_recv.cpp
     1>cl : Command line warning D9002: ignoring unknown option '/Gw'
         dt_utlvector_common.cpp
     1>cl : Command line warning D9002: ignoring unknown option '/Gw'
         dt_utlvector_recv.cpp
         filesystem_helpers.cpp
         hud_lcd.cpp
         in_mouse.cpp
         interpolatortypes.cpp
         interval.cpp
         jigglebones.cpp
         language.cpp
         memoverride.cpp
         mumble.cpp
         networkvar.cpp
         posedebugger.cpp
         randoverride.cpp
         renamed_recvtable_compat.cpp
         rendertexture.cpp
         rope_physics.cpp
         scratchpad3d.cpp
         ScratchPadUtils.cpp
         sentence.cpp
         sheetsimulator.cpp
         simple_physics.cpp
         stringregistry.cpp
         studio.cpp
         vallocator.cpp
         vgui_controls.cpp
       Link:
         c:\Program Files (x86)\Microsoft Visual Studio 10.0\VC\bin\link.exe /ERRORREPORT:PROMPT /OUT:".\Release_mod_hl2\\client.dll" /INCREMENTAL:NO /NOLOGO /LIBPATH:..\..\lib\common\. /LIBPATH:..\..\lib\public\. shell32.lib user32.lib advapi32.lib gdi32.lib comdlg32.lib ole32.lib winmm.lib /NODEFAULTLIB:libc /NODEFAULTLIB:libcd /NODEFAULTLIB:libcmtd /MANIFEST:NO /DEBUG /PDB:".\Release_mod_hl2\/client.pdb" /SUBSYSTEM:WINDOWS /OPT:REF /OPT:NOICF /TLBID:1 /DYNAMICBASE:NO /NXCOMPAT /MACHINE:X86 /SAFESEH:NO /DLL .\Release_mod_hl2\\pointeroverride.obj
         .\Release_mod_hl2\/mp3player.obj
         .\Release_mod_hl2\/cdll_replay.obj
         .\Release_mod_hl2\/replaycamera.obj
         .\Release_mod_hl2\/achievement_notification_panel.obj
         .\Release_mod_hl2\/achievement_saverestore.obj
         .\Release_mod_hl2\/achievementmgr.obj
         .\Release_mod_hl2\/achievements_hlx.obj
         .\Release_mod_hl2\/activitylist.obj
         .\Release_mod_hl2\/alphamaterialproxy.obj
         .\Release_mod_hl2\/ammodef.obj
         .\Release_mod_hl2\/animatedentitytextureproxy.obj
         .\Release_mod_hl2\/animatedoffsettextureproxy.obj
         .\Release_mod_hl2\/animatedtextureproxy.obj
         .\Release_mod_hl2\/AnimateSpecificTextureProxy.obj
         .\Release_mod_hl2\/animation.obj
         .\Release_mod_hl2\/base_playeranimstate.obj
         .\Release_mod_hl2\/baseachievement.obj
         .\Release_mod_hl2\/baseanimatedtextureproxy.obj
         .\Release_mod_hl2\/baseclientrendertargets.obj
         .\Release_mod_hl2\/basecombatcharacter_shared.obj
         .\Release_mod_hl2\/basecombatweapon_shared.obj
         .\Release_mod_hl2\/baseentity_shared.obj
         .\Release_mod_hl2\/basegrenade_shared.obj
         .\Release_mod_hl2\/baseparticleentity.obj
         .\Release_mod_hl2\/baseplayer_shared.obj
         .\Release_mod_hl2\/basepresence.obj
         .\Release_mod_hl2\/baseprojectile.obj
         .\Release_mod_hl2\/baseviewmodel_shared.obj
         .\Release_mod_hl2\/beam_shared.obj
         .\Release_mod_hl2\/beamdraw.obj
         .\Release_mod_hl2\/bone_accessor.obj
         .\Release_mod_hl2\/bone_merge_cache.obj
         .\Release_mod_hl2\/bone_setup.obj
         .\Release_mod_hl2\/c_ai_basehumanoid.obj
         .\Release_mod_hl2\/c_ai_basenpc.obj
         .\Release_mod_hl2\/c_baseanimating.obj
         .\Release_mod_hl2\/c_baseanimatingoverlay.obj
         .\Release_mod_hl2\/c_basecombatcharacter.obj
         .\Release_mod_hl2\/c_basecombatweapon.obj
         .\Release_mod_hl2\/c_basedoor.obj
         .\Release_mod_hl2\/c_baseentity.obj
         .\Release_mod_hl2\/c_baseflex.obj
         .\Release_mod_hl2\/c_baseplayer.obj
         .\Release_mod_hl2\/c_baseviewmodel.obj
         .\Release_mod_hl2\/c_breakableprop.obj
         .\Release_mod_hl2\/c_colorcorrection.obj
         .\Release_mod_hl2\/c_colorcorrectionvolume.obj
         .\Release_mod_hl2\/c_dynamiclight.obj
         .\Release_mod_hl2\/c_entitydissolve.obj
         .\Release_mod_hl2\/c_entityparticletrail.obj
         .\Release_mod_hl2\/c_env_fog_controller.obj
         .\Release_mod_hl2\/c_env_particlescript.obj
         .\Release_mod_hl2\/c_env_projectedtexture.obj
         .\Release_mod_hl2\/c_env_screenoverlay.obj
         .\Release_mod_hl2\/c_env_tonemap_controller.obj
         .\Release_mod_hl2\/c_fire_smoke.obj
         .\Release_mod_hl2\/c_fish.obj
         .\Release_mod_hl2\/c_func_areaportalwindow.obj
         .\Release_mod_hl2\/c_func_breakablesurf.obj
         .\Release_mod_hl2\/c_func_conveyor.obj
         .\Release_mod_hl2\/c_func_dust.obj
         .\Release_mod_hl2\/c_func_lod.obj
         .\Release_mod_hl2\/C_Func_Monitor.obj
         .\Release_mod_hl2\/c_func_occluder.obj
         .\Release_mod_hl2\/c_func_reflective_glass.obj
         .\Release_mod_hl2\/c_func_rotating.obj
         .\Release_mod_hl2\/c_func_smokevolume.obj
         .\Release_mod_hl2\/c_func_tracktrain.obj
         .\Release_mod_hl2\/c_gib.obj
         .\Release_mod_hl2\/c_hairball.obj
         .\Release_mod_hl2\/c_info_overlay_accessor.obj
         .\Release_mod_hl2\/c_lightglow.obj
         .\Release_mod_hl2\/C_MaterialModifyControl.obj
         .\Release_mod_hl2\/c_particle_system.obj
         .\Release_mod_hl2\/c_physbox.obj
         .\Release_mod_hl2\/c_physicsprop.obj
         .\Release_mod_hl2\/c_physmagnet.obj
         .\Release_mod_hl2\/c_pixel_visibility.obj
         .\Release_mod_hl2\/c_plasma.obj
         .\Release_mod_hl2\/c_playerresource.obj
         .\Release_mod_hl2\/c_point_camera.obj
         .\Release_mod_hl2\/c_point_commentary_node.obj
         .\Release_mod_hl2\/c_props.obj
         .\Release_mod_hl2\/c_ragdoll_manager.obj
         .\Release_mod_hl2\/c_rope.obj
         .\Release_mod_hl2\/c_rumble.obj
         .\Release_mod_hl2\/c_sceneentity.obj
         .\Release_mod_hl2\/c_shadowcontrol.obj
         .\Release_mod_hl2\/c_slideshow_display.obj
         .\Release_mod_hl2\/c_soundscape.obj
         .\Release_mod_hl2\/c_spotlight_end.obj
         .\Release_mod_hl2\/c_sprite.obj
         .\Release_mod_hl2\/c_sprite_perfmonitor.obj
         .\Release_mod_hl2\/c_sun.obj
         .\Release_mod_hl2\/c_team.obj
         .\Release_mod_hl2\/c_team_objectiveresource.obj
         .\Release_mod_hl2\/c_tesla.obj
         .\Release_mod_hl2\/c_test_proxytoggle.obj
         .\Release_mod_hl2\/c_user_message_register.obj
         .\Release_mod_hl2\/c_vehicle_choreo_generic.obj
         .\Release_mod_hl2\/c_vehicle_jeep.obj
         .\Release_mod_hl2\/c_vguiscreen.obj
         .\Release_mod_hl2\/c_vote_controller.obj
         .\Release_mod_hl2\/c_waterbullet.obj
         .\Release_mod_hl2\/C_WaterLODControl.obj
         .\Release_mod_hl2\/c_world.obj
         .\Release_mod_hl2\/cam_thirdperson.obj
         .\Release_mod_hl2\/camomaterialproxy.obj
         .\Release_mod_hl2\/cdll_bounded_cvars.obj
         .\Release_mod_hl2\/cdll_client_int.obj
         .\Release_mod_hl2\/cdll_util.obj
         .\Release_mod_hl2\/cl_mat_stub.obj
         .\Release_mod_hl2\/classmap.obj
         .\Release_mod_hl2\/client_class.obj
         .\Release_mod_hl2\/client_factorylist.obj
         .\Release_mod_hl2\/client_thinklist.obj
         .\Release_mod_hl2\/client_virtualreality.obj
         .\Release_mod_hl2\/clienteffectprecachesystem.obj
         .\Release_mod_hl2\/cliententitylist.obj
         .\Release_mod_hl2\/clientleafsystem.obj
         .\Release_mod_hl2\/clientmode_shared.obj
         .\Release_mod_hl2\/clientshadowmgr.obj
         .\Release_mod_hl2\/clientsideeffects.obj
         .\Release_mod_hl2\/clientsideeffects_test.obj
         .\Release_mod_hl2\/clientsteamcontext.obj
         .\Release_mod_hl2\/collisionproperty.obj
         .\Release_mod_hl2\/collisionutils.obj
         .\Release_mod_hl2\/colorcorrectionmgr.obj
         .\Release_mod_hl2\/commentary_modelviewer.obj
         .\Release_mod_hl2\/compiledcaptionswap.obj
         .\Release_mod_hl2\/crtmemdebug.obj
         .\Release_mod_hl2\/death_pose.obj
         .\Release_mod_hl2\/debugoverlay_shared.obj
         .\Release_mod_hl2\/decals.obj
         .\Release_mod_hl2\/detailobjectsystem.obj
         .\Release_mod_hl2\/dt_recv.obj
         .\Release_mod_hl2\/dt_utlvector_common.obj
         .\Release_mod_hl2\/dt_utlvector_recv.obj
         .\Release_mod_hl2\/dummyproxy.obj
         .\Release_mod_hl2\/effect_dispatch_data.obj
         .\Release_mod_hl2\/EffectsClient.obj
         .\Release_mod_hl2\/ehandle.obj
         .\Release_mod_hl2\/entitylist_base.obj
         .\Release_mod_hl2\/entityoriginmaterialproxy.obj
         .\Release_mod_hl2\/EntityParticleTrail_Shared.obj
         .\Release_mod_hl2\/env_detail_controller.obj
         .\Release_mod_hl2\/env_wind_shared.obj
         .\Release_mod_hl2\/eventlist.obj
         .\Release_mod_hl2\/filesystem_helpers.obj
         .\Release_mod_hl2\/flashlighteffect.obj
         .\Release_mod_hl2\/func_ladder.obj
         .\Release_mod_hl2\/functionproxy.obj
         .\Release_mod_hl2\/fx_blood.obj
         .\Release_mod_hl2\/fx_cube.obj
         .\Release_mod_hl2\/fx_explosion.obj
         .\Release_mod_hl2\/fx_fleck.obj
         .\Release_mod_hl2\/fx_impact.obj
         .\Release_mod_hl2\/fx_interpvalue.obj
         .\Release_mod_hl2\/fx_quad.obj
         .\Release_mod_hl2\/fx_shelleject.obj
         .\Release_mod_hl2\/fx_staticline.obj
         .\Release_mod_hl2\/fx_tracer.obj
         .\Release_mod_hl2\/fx_trail.obj
         .\Release_mod_hl2\/fx_water.obj
         .\Release_mod_hl2\/gamemovement.obj
         .\Release_mod_hl2\/gamerules.obj
         .\Release_mod_hl2\/gamerules_register.obj
         .\Release_mod_hl2\/GameStats.obj
         .\Release_mod_hl2\/gamestringpool.obj
         .\Release_mod_hl2\/gametrace_client.obj
         .\Release_mod_hl2\/gamevars_shared.obj
         .\Release_mod_hl2\/geiger.obj
         .\Release_mod_hl2\/glow_outline_effect.obj
         .\Release_mod_hl2\/glow_overlay.obj
         .\Release_mod_hl2\/haptic_msgs.obj
         .\Release_mod_hl2\/haptic_utils.obj
         .\Release_mod_hl2\/hintmessage.obj
         .\Release_mod_hl2\/hintsystem.obj
         .\Release_mod_hl2\/history_resource.obj
         .\Release_mod_hl2\/hltvcamera.obj
         .\Release_mod_hl2\/hud.obj
         .\Release_mod_hl2\/hud_animationinfo.obj
         .\Release_mod_hl2\/hud_autoaim.obj
         .\Release_mod_hl2\/hud_basechat.obj
         .\Release_mod_hl2\/hud_basetimer.obj
         .\Release_mod_hl2\/hud_bitmapnumericdisplay.obj
         .\Release_mod_hl2\/hud_chat.obj
         .\Release_mod_hl2\/hud_closecaption.obj
         .\Release_mod_hl2\/hud_crosshair.obj
         .\Release_mod_hl2\/hud_element_helper.obj
         .\Release_mod_hl2\/hud_filmdemo.obj
         .\Release_mod_hl2\/hud_hdrdemo.obj
         .\Release_mod_hl2\/hud_hintdisplay.obj
         .\Release_mod_hl2\/hud_lcd.obj
         .\Release_mod_hl2\/hud_msg.obj
         .\Release_mod_hl2\/hud_numericdisplay.obj
         .\Release_mod_hl2\/hud_pdump.obj
         .\Release_mod_hl2\/hud_redraw.obj
         .\Release_mod_hl2\/hud_vehicle.obj
         .\Release_mod_hl2\/hud_weapon.obj
         .\Release_mod_hl2\/igamesystem.obj
         .\Release_mod_hl2\/in_camera.obj
         .\Release_mod_hl2\/in_joystick.obj
         .\Release_mod_hl2\/in_main.obj
         .\Release_mod_hl2\/in_mouse.obj
         .\Release_mod_hl2\/initializer.obj
         .\Release_mod_hl2\/interpolatedvar.obj
         .\Release_mod_hl2\/interpolatortypes.obj
         .\Release_mod_hl2\/interval.obj
         .\Release_mod_hl2\/IsNPCProxy.obj
         .\Release_mod_hl2\/jigglebones.obj
         .\Release_mod_hl2\/lampbeamproxy.obj
         .\Release_mod_hl2\/lamphaloproxy.obj
         .\Release_mod_hl2\/language.obj
         .\Release_mod_hl2\/mapentities_shared.obj
         .\Release_mod_hl2\/mathproxy.obj
         .\Release_mod_hl2\/matrixproxy.obj
         .\Release_mod_hl2\/memoverride.obj
         .\Release_mod_hl2\/menu.obj
         .\Release_mod_hl2\/message.obj
         .\Release_mod_hl2\/movehelper_client.obj
         .\Release_mod_hl2\/movevars_shared.obj
         .\Release_mod_hl2\/mp_shareddefs.obj
         .\Release_mod_hl2\/multiplay_gamerules.obj
         .\Release_mod_hl2\/mumble.obj
         .\Release_mod_hl2\/networkvar.obj
         .\Release_mod_hl2\/obstacle_pushaway.obj
         .\Release_mod_hl2\/panelmetaclassmgr.obj
         .\Release_mod_hl2\/particle_collision.obj
         .\Release_mod_hl2\/particle_litsmokeemitter.obj
         .\Release_mod_hl2\/particle_parse.obj
         .\Release_mod_hl2\/particle_property.obj
         .\Release_mod_hl2\/particle_proxies.obj
         .\Release_mod_hl2\/particle_simple3d.obj
         .\Release_mod_hl2\/particlemgr.obj
         .\Release_mod_hl2\/particles_attractor.obj
         .\Release_mod_hl2\/particles_ez.obj
         .\Release_mod_hl2\/particles_localspace.obj
         .\Release_mod_hl2\/particles_new.obj
         .\Release_mod_hl2\/particles_simple.obj
         .\Release_mod_hl2\/particlesystemquery.obj
         .\Release_mod_hl2\/perfvisualbenchmark.obj
         .\Release_mod_hl2\/physics.obj
         .\Release_mod_hl2\/physics_main_client.obj
         .\Release_mod_hl2\/physics_main_shared.obj
         .\Release_mod_hl2\/physics_saverestore.obj
         .\Release_mod_hl2\/physics_shared.obj
         .\Release_mod_hl2\/physpropclientside.obj
         .\Release_mod_hl2\/playerandobjectenumerator.obj
         .\Release_mod_hl2\/playerspawncache.obj
         .\Release_mod_hl2\/point_bonusmaps_accessor.obj
         .\Release_mod_hl2\/point_posecontroller.obj
         .\Release_mod_hl2\/posedebugger.obj
         .\Release_mod_hl2\/precache_register.obj
         .\Release_mod_hl2\/predictableid.obj
         .\Release_mod_hl2\/prediction.obj
         .\Release_mod_hl2\/predictioncopy.obj
         .\Release_mod_hl2\/props_shared.obj
         .\Release_mod_hl2\/proxyentity.obj
         .\Release_mod_hl2\/ProxyHealth.obj
         .\Release_mod_hl2\/proxyplayer.obj
         .\Release_mod_hl2\/proxypupil.obj
         .\Release_mod_hl2\/ragdoll.obj
         .\Release_mod_hl2\/ragdoll_shared.obj
         .\Release_mod_hl2\/randoverride.obj
         .\Release_mod_hl2\/recvproxy.obj
         .\Release_mod_hl2\/renamed_recvtable_compat.obj
         .\Release_mod_hl2\/rendertexture.obj
         .\Release_mod_hl2\/rope_helpers.obj
         .\Release_mod_hl2\/rope_physics.obj
         .\Release_mod_hl2\/saverestore.obj
         .\Release_mod_hl2\/sceneentity_shared.obj
         .\Release_mod_hl2\/scratchpad3d.obj
         .\Release_mod_hl2\/ScratchPadUtils.obj
         .\Release_mod_hl2\/ScreenSpaceEffects.obj
         .\Release_mod_hl2\/sentence.obj
         .\Release_mod_hl2\/sequence_Transitioner.obj
         .\Release_mod_hl2\/sheetsimulator.obj
         .\Release_mod_hl2\/simple_keys.obj
         .\Release_mod_hl2\/simple_physics.obj
         .\Release_mod_hl2\/simtimer.obj
         .\Release_mod_hl2\/singleplay_gamerules.obj
         .\Release_mod_hl2\/SoundEmitterSystem.obj
         .\Release_mod_hl2\/soundenvelope.obj
         .\Release_mod_hl2\/SoundParametersInternal.obj
         .\Release_mod_hl2\/splinepatch.obj
         .\Release_mod_hl2\/Sprite.obj
         .\Release_mod_hl2\/spritemodel.obj
         .\Release_mod_hl2\/SpriteTrail.obj
         .\Release_mod_hl2\/stringregistry.obj
         .\Release_mod_hl2\/studio.obj
         .\Release_mod_hl2\/studio_shared.obj
         .\Release_mod_hl2\/studio_stats.obj
         .\Release_mod_hl2\/takedamageinfo.obj
         .\Release_mod_hl2\/teamplay_gamerules.obj
         .\Release_mod_hl2\/teamplayroundbased_gamerules.obj
         .\Release_mod_hl2\/test_ehandle.obj
         .\Release_mod_hl2\/text_message.obj
         .\Release_mod_hl2\/texturescrollmaterialproxy.obj
         .\Release_mod_hl2\/timematerialproxy.obj
         .\Release_mod_hl2\/toggletextureproxy.obj
         .\Release_mod_hl2\/train.obj
         .\Release_mod_hl2\/usercmd.obj
         .\Release_mod_hl2\/usermessages.obj
         .\Release_mod_hl2\/util_shared.obj
         .\Release_mod_hl2\/vallocator.obj
         .\Release_mod_hl2\/vehicle_viewblend_shared.obj
         .\Release_mod_hl2\/vgui_avatarimage.obj
         .\Release_mod_hl2\/vgui_basepanel.obj
         .\Release_mod_hl2\/vgui_bitmapbutton.obj
         .\Release_mod_hl2\/vgui_bitmapimage.obj
         .\Release_mod_hl2\/vgui_bitmappanel.obj
         .\Release_mod_hl2\/vgui_centerstringpanel.obj
         .\Release_mod_hl2\/vgui_consolepanel.obj
         .\Release_mod_hl2\/vgui_controls.obj
         .\Release_mod_hl2\/vgui_debugoverlaypanel.obj
         .\Release_mod_hl2\/vgui_fpspanel.obj
         .\Release_mod_hl2\/vgui_game_viewport.obj
         .\Release_mod_hl2\/vgui_grid.obj
         .\Release_mod_hl2\/vgui_int.obj
         .\Release_mod_hl2\/vgui_loadingdiscpanel.obj
         .\Release_mod_hl2\/vgui_messagechars.obj
         .\Release_mod_hl2\/vgui_netgraphpanel.obj
         .\Release_mod_hl2\/vgui_schemevisualizer.obj
         .\Release_mod_hl2\/vgui_slideshow_display_screen.obj
         .\Release_mod_hl2\/vgui_video.obj
         .\Release_mod_hl2\/vgui_video_player.obj
         .\Release_mod_hl2\/view.obj
         .\Release_mod_hl2\/view_beams.obj
         .\Release_mod_hl2\/view_effects.obj
         .\Release_mod_hl2\/view_scene.obj
         .\Release_mod_hl2\/viewangleanim.obj
         .\Release_mod_hl2\/ViewConeImage.obj
         .\Release_mod_hl2\/viewdebug.obj
         .\Release_mod_hl2\/viewpostprocess.obj
         .\Release_mod_hl2\/viewrender.obj
         .\Release_mod_hl2\/voice_banmgr.obj
         .\Release_mod_hl2\/voice_status.obj
         .\Release_mod_hl2\/warp_overlay.obj
         .\Release_mod_hl2\/WaterLODMaterialProxy.obj
         .\Release_mod_hl2\/weapon_parse.obj
         .\Release_mod_hl2\/weapon_parse_default.obj
         .\Release_mod_hl2\/weapon_selection.obj
         .\Release_mod_hl2\/weapons_resource.obj
         .\Release_mod_hl2\/WorldDimsProxy.obj
         .\Release_mod_hl2\/basemodel_panel.obj
         .\Release_mod_hl2\/basemodelpanel.obj
         .\Release_mod_hl2\/baseviewport.obj
         .\Release_mod_hl2\/ClientScoreBoardDialog.obj
         .\Release_mod_hl2\/commandmenu.obj
         .\Release_mod_hl2\/IconPanel.obj
         .\Release_mod_hl2\/intromenu.obj
         .\Release_mod_hl2\/MapOverview.obj
         .\Release_mod_hl2\/NavProgress.obj
         .\Release_mod_hl2\/SpectatorGUI.obj
         .\Release_mod_hl2\/teammenu.obj
         .\Release_mod_hl2\/vguitextwindow.obj
         .\Release_mod_hl2\/achievements_hl2.obj
         .\Release_mod_hl2\/basehlcombatweapon_shared.obj
         .\Release_mod_hl2\/c_antlion_dust.obj
         .\Release_mod_hl2\/c_ar2_explosion.obj
         .\Release_mod_hl2\/c_barnacle.obj
         .\Release_mod_hl2\/c_barney.obj
         .\Release_mod_hl2\/c_basehelicopter.obj
         .\Release_mod_hl2\/c_basehlcombatweapon.obj
         .\Release_mod_hl2\/c_basehlplayer.obj
         .\Release_mod_hl2\/c_citadel_effects.obj
         .\Release_mod_hl2\/c_corpse.obj
         .\Release_mod_hl2\/c_env_alyxtemp.obj
         .\Release_mod_hl2\/c_env_headcrabcanister.obj
         .\Release_mod_hl2\/c_env_starfield.obj
         .\Release_mod_hl2\/c_func_tankmortar.obj
         .\Release_mod_hl2\/c_hl2_playerlocaldata.obj
         .\Release_mod_hl2\/c_info_teleporter_countdown.obj
         .\Release_mod_hl2\/c_npc_antlionguard.obj
         .\Release_mod_hl2\/c_npc_combinegunship.obj
         .\Release_mod_hl2\/c_npc_manhack.obj
         .\Release_mod_hl2\/c_npc_rollermine.obj
         .\Release_mod_hl2\/c_plasma_beam_node.obj
         .\Release_mod_hl2\/c_prop_combine_ball.obj
         .\Release_mod_hl2\/c_rotorwash.obj
         .\Release_mod_hl2\/c_script_intro.obj
         .\Release_mod_hl2\/c_strider.obj
         .\Release_mod_hl2\/c_te_concussiveexplosion.obj
         .\Release_mod_hl2\/c_te_flare.obj
         .\Release_mod_hl2\/c_thumper_dust.obj
         .\Release_mod_hl2\/c_vehicle_airboat.obj
         .\Release_mod_hl2\/c_vehicle_cannon.obj
         .\Release_mod_hl2\/c_vehicle_crane.obj
         .\Release_mod_hl2\/c_vehicle_prisoner_pod.obj
         .\Release_mod_hl2\/c_vort_charge_token.obj
         .\Release_mod_hl2\/c_weapon__stubs_hl2.obj
         .\Release_mod_hl2\/c_weapon_crossbow.obj
         .\Release_mod_hl2\/c_weapon_physcannon.obj
         .\Release_mod_hl2\/c_weapon_stunstick.obj
         .\Release_mod_hl2\/clientmode_hlnormal.obj
         .\Release_mod_hl2\/death.obj
         .\Release_mod_hl2\/env_headcrabcanister_shared.obj
         .\Release_mod_hl2\/fx_antlion.obj
         .\Release_mod_hl2\/fx_bugbait.obj
         .\Release_mod_hl2\/fx_hl2_impacts.obj
         .\Release_mod_hl2\/fx_hl2_tracers.obj
         .\Release_mod_hl2\/hl2_clientmode.obj
         .\Release_mod_hl2\/hl2_gamerules.obj
         .\Release_mod_hl2\/hl2_usermessages.obj
         .\Release_mod_hl2\/hl_gamemovement.obj
         .\Release_mod_hl2\/hl_in_main.obj
         .\Release_mod_hl2\/hl_prediction.obj
         .\Release_mod_hl2\/hud_ammo.obj
         .\Release_mod_hl2\/hud_battery.obj
         .\Release_mod_hl2\/hud_blood.obj
         .\Release_mod_hl2\/hud_credits.obj
         .\Release_mod_hl2\/hud_damageindicator.obj
         .\Release_mod_hl2\/hud_flashlight.obj
         .\Release_mod_hl2\/hud_health.obj
         .\Release_mod_hl2\/hud_poisondamageindicator.obj
         .\Release_mod_hl2\/hud_posture.obj
         .\Release_mod_hl2\/hud_quickinfo.obj
         .\Release_mod_hl2\/hud_squadstatus.obj
         .\Release_mod_hl2\/hud_suitpower.obj
         .\Release_mod_hl2\/hud_weaponselection.obj
         .\Release_mod_hl2\/hud_zoom.obj
         .\Release_mod_hl2\/script_intro_shared.obj
         .\Release_mod_hl2\/shieldproxy.obj
         .\Release_mod_hl2\/vgui_rootpanel_hl2.obj
         .\Release_mod_hl2\/stdafx.obj
         .\Release_mod_hl2\/in_sixense.obj
         .\Release_mod_hl2\/in_sixense_gesture_bindings.obj
         .\Release_mod_hl2\/sixense_convars.obj
         .\Release_mod_hl2\/c_basetempentity.obj
         .\Release_mod_hl2\/c_effects.obj
         .\Release_mod_hl2\/c_impact_effects.obj
         .\Release_mod_hl2\/c_movie_explosion.obj
         .\Release_mod_hl2\/c_particle_fire.obj
         .\Release_mod_hl2\/c_particle_smokegrenade.obj
         .\Release_mod_hl2\/c_prop_vehicle.obj
         .\Release_mod_hl2\/c_recipientfilter.obj
         .\Release_mod_hl2\/c_smoke_trail.obj
         .\Release_mod_hl2\/c_smokestack.obj
         .\Release_mod_hl2\/c_steamjet.obj
         .\Release_mod_hl2\/c_stickybolt.obj
         .\Release_mod_hl2\/c_te.obj
         .\Release_mod_hl2\/c_te_armorricochet.obj
         .\Release_mod_hl2\/c_te_basebeam.obj
         .\Release_mod_hl2\/c_te_beamentpoint.obj
         .\Release_mod_hl2\/c_te_beaments.obj
         .\Release_mod_hl2\/c_te_beamfollow.obj
         .\Release_mod_hl2\/c_te_beamlaser.obj
         .\Release_mod_hl2\/c_te_beampoints.obj
         .\Release_mod_hl2\/c_te_beamring.obj
         .\Release_mod_hl2\/c_te_beamringpoint.obj
         .\Release_mod_hl2\/c_te_beamspline.obj
         .\Release_mod_hl2\/c_te_bloodsprite.obj
         .\Release_mod_hl2\/c_te_bloodstream.obj
         .\Release_mod_hl2\/c_te_breakmodel.obj
         .\Release_mod_hl2\/c_te_bspdecal.obj
         .\Release_mod_hl2\/c_te_bubbles.obj
         .\Release_mod_hl2\/c_te_bubbletrail.obj
         .\Release_mod_hl2\/c_te_clientprojectile.obj
         .\Release_mod_hl2\/c_te_decal.obj
         .\Release_mod_hl2\/c_te_dynamiclight.obj
         .\Release_mod_hl2\/c_te_effect_dispatch.obj
         .\Release_mod_hl2\/c_te_energysplash.obj
         .\Release_mod_hl2\/c_te_explosion.obj
         .\Release_mod_hl2\/c_te_fizz.obj
         .\Release_mod_hl2\/c_te_footprint.obj
         .\Release_mod_hl2\/c_te_glassshatter.obj
         .\Release_mod_hl2\/c_te_glowsprite.obj
         .\Release_mod_hl2\/c_te_impact.obj
         .\Release_mod_hl2\/c_te_killplayerattachments.obj
         .\Release_mod_hl2\/c_te_largefunnel.obj
         .\Release_mod_hl2\/c_te_legacytempents.obj
         .\Release_mod_hl2\/c_te_muzzleflash.obj
         .\Release_mod_hl2\/c_te_particlesystem.obj
         .\Release_mod_hl2\/c_te_physicsprop.obj
         .\Release_mod_hl2\/c_te_playerdecal.obj
         .\Release_mod_hl2\/c_te_projecteddecal.obj
         .\Release_mod_hl2\/c_te_showline.obj
         .\Release_mod_hl2\/c_te_smoke.obj
         .\Release_mod_hl2\/c_te_sparks.obj
         .\Release_mod_hl2\/c_te_sprite.obj
         .\Release_mod_hl2\/c_te_spritespray.obj
         .\Release_mod_hl2\/c_te_worlddecal.obj
         .\Release_mod_hl2\/c_testtraceline.obj
         .\Release_mod_hl2\/c_tracer.obj
         .\Release_mod_hl2\/fx.obj
         .\Release_mod_hl2\/fx_discreetline.obj
         .\Release_mod_hl2\/fx_envelope.obj
         .\Release_mod_hl2\/fx_line.obj
         .\Release_mod_hl2\/fx_sparks.obj
         .\Release_mod_hl2\/particlesphererenderer.obj
         .\Release_mod_hl2\/smoke_fog_overlay.obj
         .\Release_mod_hl2\/bonelist.obj
         .\Release_mod_hl2\/entity_client_tools.obj
         .\Release_mod_hl2\/toolframework_client.obj
         ..\..\lib\public\bitmap.lib
         ..\..\lib\public\choreoobjects.lib
         ..\..\lib\public\dmxloader.lib
         ..\..\lib\common\libcurl.lib
         ..\..\lib\public\libprotobuf.lib
         ..\..\lib\public\libz.lib
         ..\..\lib\public\mathlib.lib
         ..\..\lib\public\matsys_controls.lib
         ..\..\lib\public\particles.lib
         ..\..\lib\public\steam_api.lib
         ..\..\lib\public\tier0.lib
         ..\..\lib\public\tier1.lib
         ..\..\lib\public\tier2.lib
         ..\..\lib\public\tier3.lib
         ..\..\lib\public\vgui_controls.lib
         ..\..\lib\public\vstdlib.lib
         ..\..\lib\public\vtf.lib  /ignore:4221
            Creating library .\Release_mod_hl2\\client.lib and object .\Release_mod_hl2\\client.exp
         client_hl2.vcxproj -> C:\ShokuninSrc\2013\source-sdk-2013\sp\src\game\client\.\Release_mod_hl2\client.dll
       PostBuildEvent:
         Description: Publishing to ..\..\..\game\mod_hl2\bin\.
         if not exist "..\..\..\game\mod_hl2\bin\." mkdir "..\..\..\game\mod_hl2\bin\."
         copy "C:\ShokuninSrc\2013\source-sdk-2013\sp\src\game\client\Release_mod_hl2\client.dll" "..\..\..\game\mod_hl2\bin\.\client.dll"
         if ERRORLEVEL 1 goto BuildEventFailed
         if exist "C:\ShokuninSrc\2013\source-sdk-2013\sp\src\game\client\Release_mod_hl2\client.map" copy "C:\ShokuninSrc\2013\source-sdk-2013\sp\src\game\client\Release_mod_hl2\client.map" ..\..\..\game\mod_hl2\bin\.\client.map
         copy "C:\ShokuninSrc\2013\source-sdk-2013\sp\src\game\client\Release_mod_hl2\client.pdb" ..\..\..\game\mod_hl2\bin\.\client.pdb
         if ERRORLEVEL 1 goto BuildEventFailed
         goto BuildEventOK
         :BuildEventFailed
         echo *** ERROR! PostBuildStep FAILED for Client (HL2)! EXE or DLL is probably running. ***
         del /q "C:\ShokuninSrc\2013\source-sdk-2013\sp\src\game\client\Release_mod_hl2\client.dll"
         exit 1
         :BuildEventOK
         
         :VCEnd
                 1 file(s) copied.
                 1 file(s) copied.
       FinalizeBuildStatus:
         Deleting file ".\Release_mod_hl2\Client (HL2).unsuccessfulbuild".
         Touching ".\Release_mod_hl2\Client (HL2).lastbuildstate".
     1>Done Building Project "C:\ShokuninSrc\2013\source-sdk-2013\sp\src\game\client\client_hl2.vcxproj" (build target(s)).

Build succeeded.

Time Elapsed 00:02:13.02
